{"C:\\Users\\USER\\ESG_Calculator\\brsr_backend\\authMiddleware.js": {"path":"C:\\Users\\USER\\ESG_Calculator\\brsr_backend\\authMiddleware.js","statementMap":{"0":{"start":{"line":2,"column":32},"end":{"line":2,"column":47}},"1":{"start":{"line":4,"column":23},"end":{"line":69,"column":1}},"2":{"start":{"line":5,"column":23},"end":{"line":5,"column":48}},"3":{"start":{"line":7,"column":4},"end":{"line":9,"column":5}},"4":{"start":{"line":8,"column":8},"end":{"line":8,"column":85}},"5":{"start":{"line":11,"column":18},"end":{"line":11,"column":42}},"6":{"start":{"line":12,"column":4},"end":{"line":12,"column":85}},"7":{"start":{"line":13,"column":4},"end":{"line":68,"column":5}},"8":{"start":{"line":15,"column":32},"end":{"line":15,"column":71}},"9":{"start":{"line":17,"column":8},"end":{"line":42,"column":9}},"10":{"start":{"line":18,"column":12},"end":{"line":18,"column":69}},"11":{"start":{"line":21,"column":12},"end":{"line":36,"column":13}},"12":{"start":{"line":22,"column":67},"end":{"line":22,"column":109}},"13":{"start":{"line":24,"column":16},"end":{"line":27,"column":17}},"14":{"start":{"line":25,"column":20},"end":{"line":25,"column":86}},"15":{"start":{"line":26,"column":20},"end":{"line":26,"column":93}},"16":{"start":{"line":30,"column":16},"end":{"line":30,"column":60}},"17":{"start":{"line":31,"column":16},"end":{"line":31,"column":63}},"18":{"start":{"line":32,"column":16},"end":{"line":32,"column":89}},"19":{"start":{"line":34,"column":16},"end":{"line":34,"column":84}},"20":{"start":{"line":35,"column":16},"end":{"line":35,"column":89}},"21":{"start":{"line":39,"column":12},"end":{"line":39,"column":41}},"22":{"start":{"line":40,"column":12},"end":{"line":40,"column":44}},"23":{"start":{"line":41,"column":12},"end":{"line":41,"column":75}},"24":{"start":{"line":43,"column":8},"end":{"line":61,"column":9}},"25":{"start":{"line":44,"column":35},"end":{"line":47,"column":13}},"26":{"start":{"line":51,"column":12},"end":{"line":56,"column":13}},"27":{"start":{"line":52,"column":16},"end":{"line":52,"column":53}},"28":{"start":{"line":54,"column":16},"end":{"line":54,"column":94}},"29":{"start":{"line":55,"column":16},"end":{"line":55,"column":35}},"30":{"start":{"line":58,"column":12},"end":{"line":58,"column":70}},"31":{"start":{"line":60,"column":12},"end":{"line":60,"column":31}},"32":{"start":{"line":64,"column":8},"end":{"line":64,"column":15}},"33":{"start":{"line":66,"column":8},"end":{"line":66,"column":48}},"34":{"start":{"line":67,"column":8},"end":{"line":67,"column":97}},"35":{"start":{"line":71,"column":0},"end":{"line":71,"column":32}}},"fnMap":{"0":{"name":"(anonymous_0)","decl":{"start":{"line":4,"column":23},"end":{"line":4,"column":24}},"loc":{"start":{"line":4,"column":49},"end":{"line":69,"column":1}},"line":4}},"branchMap":{"0":{"loc":{"start":{"line":7,"column":4},"end":{"line":9,"column":5}},"type":"if","locations":[{"start":{"line":7,"column":4},"end":{"line":9,"column":5}},{"start":{},"end":{}}],"line":7},"1":{"loc":{"start":{"line":7,"column":8},"end":{"line":7,"column":56}},"type":"binary-expr","locations":[{"start":{"line":7,"column":8},"end":{"line":7,"column":19}},{"start":{"line":7,"column":23},"end":{"line":7,"column":56}}],"line":7},"2":{"loc":{"start":{"line":17,"column":8},"end":{"line":42,"column":9}},"type":"if","locations":[{"start":{"line":17,"column":8},"end":{"line":42,"column":9}},{"start":{"line":37,"column":15},"end":{"line":42,"column":9}}],"line":17},"3":{"loc":{"start":{"line":17,"column":12},"end":{"line":17,"column":40}},"type":"binary-expr","locations":[{"start":{"line":17,"column":12},"end":{"line":17,"column":17}},{"start":{"line":17,"column":21},"end":{"line":17,"column":26}},{"start":{"line":17,"column":30},"end":{"line":17,"column":40}}],"line":17},"4":{"loc":{"start":{"line":24,"column":16},"end":{"line":27,"column":17}},"type":"if","locations":[{"start":{"line":24,"column":16},"end":{"line":27,"column":17}},{"start":{},"end":{}}],"line":24},"5":{"loc":{"start":{"line":24,"column":20},"end":{"line":24,"column":101}},"type":"binary-expr","locations":[{"start":{"line":24,"column":20},"end":{"line":24,"column":32}},{"start":{"line":24,"column":36},"end":{"line":24,"column":48}},{"start":{"line":24,"column":52},"end":{"line":24,"column":72}},{"start":{"line":24,"column":76},"end":{"line":24,"column":101}}],"line":24},"6":{"loc":{"start":{"line":51,"column":12},"end":{"line":56,"column":13}},"type":"if","locations":[{"start":{"line":51,"column":12},"end":{"line":56,"column":13}},{"start":{"line":53,"column":19},"end":{"line":56,"column":13}}],"line":51}},"s":{"0":1,"1":1,"2":2,"3":2,"4":2,"5":0,"6":0,"7":0,"8":0,"9":0,"10":0,"11":0,"12":0,"13":0,"14":0,"15":0,"16":0,"17":0,"18":0,"19":0,"20":0,"21":0,"22":0,"23":0,"24":0,"25":0,"26":0,"27":0,"28":0,"29":0,"30":0,"31":0,"32":0,"33":0,"34":0,"35":1},"f":{"0":2},"b":{"0":[2,0],"1":[2,0],"2":[0,0],"3":[0,0,0],"4":[0,0],"5":[0,0,0,0],"6":[0,0]},"_coverageSchema":"1a1c01bbd47fc00a2c39e90264f33305004495a9","hash":"708972bc44095f06b39c81336ee85b6d1ffce6ad"}
,"C:\\Users\\USER\\ESG_Calculator\\brsr_backend\\authRoutes.js": {"path":"C:\\Users\\USER\\ESG_Calculator\\brsr_backend\\authRoutes.js","statementMap":{"0":{"start":{"line":2,"column":16},"end":{"line":2,"column":34}},"1":{"start":{"line":3,"column":32},"end":{"line":3,"column":47}},"2":{"start":{"line":4,"column":12},"end":{"line":4,"column":35}},"3":{"start":{"line":6,"column":15},"end":{"line":6,"column":31}},"4":{"start":{"line":11,"column":0},"end":{"line":177,"column":3}},"5":{"start":{"line":32,"column":8},"end":{"line":32,"column":16}},"6":{"start":{"line":35,"column":4},"end":{"line":37,"column":5}},"7":{"start":{"line":36,"column":8},"end":{"line":36,"column":113}},"8":{"start":{"line":37,"column":9},"end":{"line":176,"column":5}},"9":{"start":{"line":40,"column":30},"end":{"line":43,"column":9}},"10":{"start":{"line":45,"column":8},"end":{"line":47,"column":9}},"11":{"start":{"line":46,"column":12},"end":{"line":46,"column":85}},"12":{"start":{"line":50,"column":27},"end":{"line":50,"column":31}},"13":{"start":{"line":51,"column":8},"end":{"line":68,"column":9}},"14":{"start":{"line":52,"column":73},"end":{"line":52,"column":129}},"15":{"start":{"line":53,"column":12},"end":{"line":64,"column":13}},"16":{"start":{"line":54,"column":16},"end":{"line":54,"column":115}},"17":{"start":{"line":56,"column":16},"end":{"line":56,"column":126}},"18":{"start":{"line":57,"column":19},"end":{"line":64,"column":13}},"19":{"start":{"line":58,"column":16},"end":{"line":58,"column":53}},"20":{"start":{"line":59,"column":16},"end":{"line":59,"column":113}},"21":{"start":{"line":62,"column":16},"end":{"line":62,"column":135}},"22":{"start":{"line":63,"column":16},"end":{"line":63,"column":105}},"23":{"start":{"line":66,"column":12},"end":{"line":66,"column":128}},"24":{"start":{"line":67,"column":12},"end":{"line":67,"column":95}},"25":{"start":{"line":75,"column":32},"end":{"line":78,"column":9}},"26":{"start":{"line":79,"column":8},"end":{"line":84,"column":9}},"27":{"start":{"line":80,"column":37},"end":{"line":82,"column":45}},"28":{"start":{"line":83,"column":12},"end":{"line":83,"column":110}},"29":{"start":{"line":85,"column":36},"end":{"line":87,"column":96}},"30":{"start":{"line":87,"column":81},"end":{"line":87,"column":89}},"31":{"start":{"line":89,"column":32},"end":{"line":97,"column":9}},"32":{"start":{"line":98,"column":33},"end":{"line":103,"column":10}},"33":{"start":{"line":105,"column":31},"end":{"line":105,"column":55}},"34":{"start":{"line":106,"column":26},"end":{"line":106,"column":43}},"35":{"start":{"line":109,"column":31},"end":{"line":109,"column":92}},"36":{"start":{"line":110,"column":43},"end":{"line":110,"column":77}},"37":{"start":{"line":111,"column":32},"end":{"line":111,"column":36}},"38":{"start":{"line":112,"column":8},"end":{"line":117,"column":9}},"39":{"start":{"line":113,"column":12},"end":{"line":113,"column":105}},"40":{"start":{"line":115,"column":12},"end":{"line":115,"column":76}},"41":{"start":{"line":116,"column":12},"end":{"line":116,"column":37}},"42":{"start":{"line":119,"column":8},"end":{"line":151,"column":9}},"43":{"start":{"line":120,"column":12},"end":{"line":128,"column":15}},"44":{"start":{"line":130,"column":12},"end":{"line":144,"column":15}},"45":{"start":{"line":146,"column":12},"end":{"line":146,"column":60}},"46":{"start":{"line":148,"column":12},"end":{"line":148,"column":62}},"47":{"start":{"line":155,"column":24},"end":{"line":160,"column":9}},"48":{"start":{"line":161,"column":29},"end":{"line":161,"column":91}},"49":{"start":{"line":164,"column":8},"end":{"line":168,"column":11}},"50":{"start":{"line":171,"column":8},"end":{"line":171,"column":77}},"51":{"start":{"line":172,"column":8},"end":{"line":174,"column":9}},"52":{"start":{"line":173,"column":13},"end":{"line":173,"column":130}},"53":{"start":{"line":175,"column":8},"end":{"line":175,"column":83}},"54":{"start":{"line":179,"column":0},"end":{"line":320,"column":3}},"55":{"start":{"line":202,"column":8},"end":{"line":202,"column":16}},"56":{"start":{"line":205,"column":4},"end":{"line":207,"column":5}},"57":{"start":{"line":206,"column":8},"end":{"line":206,"column":128}},"58":{"start":{"line":209,"column":29},"end":{"line":209,"column":33}},"59":{"start":{"line":211,"column":4},"end":{"line":319,"column":5}},"60":{"start":{"line":213,"column":53},"end":{"line":217,"column":10}},"61":{"start":{"line":219,"column":8},"end":{"line":226,"column":9}},"62":{"start":{"line":220,"column":12},"end":{"line":220,"column":70}},"63":{"start":{"line":222,"column":12},"end":{"line":224,"column":13}},"64":{"start":{"line":223,"column":16},"end":{"line":223,"column":97}},"65":{"start":{"line":225,"column":12},"end":{"line":225,"column":112}},"66":{"start":{"line":228,"column":8},"end":{"line":231,"column":9}},"67":{"start":{"line":229,"column":12},"end":{"line":229,"column":82}},"68":{"start":{"line":230,"column":12},"end":{"line":230,"column":115}},"69":{"start":{"line":232,"column":8},"end":{"line":232,"column":46}},"70":{"start":{"line":235,"column":36},"end":{"line":237,"column":92}},"71":{"start":{"line":237,"column":77},"end":{"line":237,"column":85}},"72":{"start":{"line":239,"column":32},"end":{"line":248,"column":9}},"73":{"start":{"line":249,"column":30},"end":{"line":254,"column":9}},"74":{"start":{"line":256,"column":25},"end":{"line":256,"column":73}},"75":{"start":{"line":257,"column":31},"end":{"line":257,"column":38}},"76":{"start":{"line":258,"column":26},"end":{"line":258,"column":43}},"77":{"start":{"line":261,"column":31},"end":{"line":261,"column":92}},"78":{"start":{"line":262,"column":43},"end":{"line":262,"column":77}},"79":{"start":{"line":264,"column":34},"end":{"line":264,"column":51}},"80":{"start":{"line":266,"column":8},"end":{"line":299,"column":9}},"81":{"start":{"line":267,"column":12},"end":{"line":275,"column":15}},"82":{"start":{"line":277,"column":12},"end":{"line":291,"column":15}},"83":{"start":{"line":293,"column":12},"end":{"line":293,"column":80}},"84":{"start":{"line":295,"column":12},"end":{"line":295,"column":88}},"85":{"start":{"line":301,"column":8},"end":{"line":305,"column":11}},"86":{"start":{"line":308,"column":8},"end":{"line":308,"column":52}},"87":{"start":{"line":310,"column":8},"end":{"line":317,"column":9}},"88":{"start":{"line":311,"column":12},"end":{"line":316,"column":13}},"89":{"start":{"line":312,"column":16},"end":{"line":312,"column":78}},"90":{"start":{"line":313,"column":16},"end":{"line":313,"column":103}},"91":{"start":{"line":315,"column":16},"end":{"line":315,"column":103}},"92":{"start":{"line":318,"column":8},"end":{"line":318,"column":88}},"93":{"start":{"line":322,"column":0},"end":{"line":322,"column":24}}},"fnMap":{"0":{"name":"(anonymous_0)","decl":{"start":{"line":11,"column":31},"end":{"line":11,"column":32}},"loc":{"start":{"line":11,"column":51},"end":{"line":177,"column":1}},"line":11},"1":{"name":"(anonymous_1)","decl":{"start":{"line":87,"column":76},"end":{"line":87,"column":77}},"loc":{"start":{"line":87,"column":81},"end":{"line":87,"column":89}},"line":87},"2":{"name":"(anonymous_2)","decl":{"start":{"line":179,"column":25},"end":{"line":179,"column":26}},"loc":{"start":{"line":179,"column":45},"end":{"line":320,"column":1}},"line":179},"3":{"name":"(anonymous_3)","decl":{"start":{"line":237,"column":72},"end":{"line":237,"column":73}},"loc":{"start":{"line":237,"column":77},"end":{"line":237,"column":85}},"line":237}},"branchMap":{"0":{"loc":{"start":{"line":35,"column":4},"end":{"line":37,"column":5}},"type":"if","locations":[{"start":{"line":35,"column":4},"end":{"line":37,"column":5}},{"start":{},"end":{}}],"line":35},"1":{"loc":{"start":{"line":35,"column":8},"end":{"line":35,"column":56}},"type":"binary-expr","locations":[{"start":{"line":35,"column":8},"end":{"line":35,"column":21}},{"start":{"line":35,"column":25},"end":{"line":35,"column":29}},{"start":{"line":35,"column":33},"end":{"line":35,"column":46}},{"start":{"line":35,"column":50},"end":{"line":35,"column":56}}],"line":35},"2":{"loc":{"start":{"line":45,"column":8},"end":{"line":47,"column":9}},"type":"if","locations":[{"start":{"line":45,"column":8},"end":{"line":47,"column":9}},{"start":{},"end":{}}],"line":45},"3":{"loc":{"start":{"line":53,"column":12},"end":{"line":64,"column":13}},"type":"if","locations":[{"start":{"line":53,"column":12},"end":{"line":64,"column":13}},{"start":{"line":57,"column":19},"end":{"line":64,"column":13}}],"line":53},"4":{"loc":{"start":{"line":57,"column":19},"end":{"line":64,"column":13}},"type":"if","locations":[{"start":{"line":57,"column":19},"end":{"line":64,"column":13}},{"start":{"line":60,"column":19},"end":{"line":64,"column":13}}],"line":57},"5":{"loc":{"start":{"line":57,"column":23},"end":{"line":57,"column":64}},"type":"binary-expr","locations":[{"start":{"line":57,"column":23},"end":{"line":57,"column":39}},{"start":{"line":57,"column":43},"end":{"line":57,"column":64}}],"line":57},"6":{"loc":{"start":{"line":79,"column":8},"end":{"line":84,"column":9}},"type":"if","locations":[{"start":{"line":79,"column":8},"end":{"line":84,"column":9}},{"start":{},"end":{}}],"line":79},"7":{"loc":{"start":{"line":80,"column":37},"end":{"line":82,"column":45}},"type":"cond-expr","locations":[{"start":{"line":80,"column":75},"end":{"line":80,"column":80}},{"start":{"line":81,"column":36},"end":{"line":82,"column":45}}],"line":80},"8":{"loc":{"start":{"line":81,"column":36},"end":{"line":82,"column":45}},"type":"cond-expr","locations":[{"start":{"line":81,"column":78},"end":{"line":81,"column":85}},{"start":{"line":82,"column":36},"end":{"line":82,"column":45}}],"line":81},"9":{"loc":{"start":{"line":85,"column":36},"end":{"line":87,"column":96}},"type":"cond-expr","locations":[{"start":{"line":86,"column":14},"end":{"line":86,"column":35}},{"start":{"line":87,"column":15},"end":{"line":87,"column":95}}],"line":85},"10":{"loc":{"start":{"line":87,"column":15},"end":{"line":87,"column":95}},"type":"cond-expr","locations":[{"start":{"line":87,"column":39},"end":{"line":87,"column":90}},{"start":{"line":87,"column":93},"end":{"line":87,"column":95}}],"line":87},"11":{"loc":{"start":{"line":99,"column":45},"end":{"line":99,"column":74}},"type":"binary-expr","locations":[{"start":{"line":99,"column":45},"end":{"line":99,"column":66}},{"start":{"line":99,"column":70},"end":{"line":99,"column":74}}],"line":99},"12":{"loc":{"start":{"line":100,"column":12},"end":{"line":100,"column":45}},"type":"binary-expr","locations":[{"start":{"line":100,"column":12},"end":{"line":100,"column":37}},{"start":{"line":100,"column":41},"end":{"line":100,"column":45}}],"line":100},"13":{"loc":{"start":{"line":100,"column":47},"end":{"line":100,"column":72}},"type":"binary-expr","locations":[{"start":{"line":100,"column":47},"end":{"line":100,"column":64}},{"start":{"line":100,"column":68},"end":{"line":100,"column":72}}],"line":100},"14":{"loc":{"start":{"line":100,"column":81},"end":{"line":100,"column":98}},"type":"binary-expr","locations":[{"start":{"line":100,"column":81},"end":{"line":100,"column":90}},{"start":{"line":100,"column":94},"end":{"line":100,"column":98}}],"line":100},"15":{"loc":{"start":{"line":101,"column":12},"end":{"line":101,"column":27}},"type":"binary-expr","locations":[{"start":{"line":101,"column":12},"end":{"line":101,"column":19}},{"start":{"line":101,"column":23},"end":{"line":101,"column":27}}],"line":101},"16":{"loc":{"start":{"line":101,"column":29},"end":{"line":101,"column":52}},"type":"binary-expr","locations":[{"start":{"line":101,"column":29},"end":{"line":101,"column":44}},{"start":{"line":101,"column":48},"end":{"line":101,"column":52}}],"line":101},"17":{"loc":{"start":{"line":102,"column":12},"end":{"line":102,"column":37}},"type":"binary-expr","locations":[{"start":{"line":102,"column":12},"end":{"line":102,"column":29}},{"start":{"line":102,"column":33},"end":{"line":102,"column":37}}],"line":102},"18":{"loc":{"start":{"line":102,"column":39},"end":{"line":102,"column":64}},"type":"binary-expr","locations":[{"start":{"line":102,"column":39},"end":{"line":102,"column":56}},{"start":{"line":102,"column":60},"end":{"line":102,"column":64}}],"line":102},"19":{"loc":{"start":{"line":102,"column":66},"end":{"line":102,"column":93}},"type":"binary-expr","locations":[{"start":{"line":102,"column":66},"end":{"line":102,"column":85}},{"start":{"line":102,"column":89},"end":{"line":102,"column":93}}],"line":102},"20":{"loc":{"start":{"line":110,"column":43},"end":{"line":110,"column":77}},"type":"binary-expr","locations":[{"start":{"line":110,"column":43},"end":{"line":110,"column":61}},{"start":{"line":110,"column":65},"end":{"line":110,"column":77}}],"line":110},"21":{"loc":{"start":{"line":113,"column":32},"end":{"line":113,"column":104}},"type":"cond-expr","locations":[{"start":{"line":113,"column":52},"end":{"line":113,"column":97}},{"start":{"line":113,"column":100},"end":{"line":113,"column":104}}],"line":113},"22":{"loc":{"start":{"line":140,"column":16},"end":{"line":140,"column":119}},"type":"cond-expr","locations":[{"start":{"line":140,"column":65},"end":{"line":140,"column":112}},{"start":{"line":140,"column":115},"end":{"line":140,"column":119}}],"line":140},"23":{"loc":{"start":{"line":141,"column":16},"end":{"line":141,"column":113}},"type":"cond-expr","locations":[{"start":{"line":141,"column":62},"end":{"line":141,"column":106}},{"start":{"line":141,"column":109},"end":{"line":141,"column":113}}],"line":141},"24":{"loc":{"start":{"line":142,"column":16},"end":{"line":142,"column":96}},"type":"cond-expr","locations":[{"start":{"line":142,"column":46},"end":{"line":142,"column":89}},{"start":{"line":142,"column":92},"end":{"line":142,"column":96}}],"line":142},"25":{"loc":{"start":{"line":143,"column":16},"end":{"line":143,"column":76}},"type":"cond-expr","locations":[{"start":{"line":143,"column":36},"end":{"line":143,"column":69}},{"start":{"line":143,"column":72},"end":{"line":143,"column":76}}],"line":143},"26":{"loc":{"start":{"line":172,"column":8},"end":{"line":174,"column":9}},"type":"if","locations":[{"start":{"line":172,"column":8},"end":{"line":174,"column":9}},{"start":{},"end":{}}],"line":172},"27":{"loc":{"start":{"line":205,"column":4},"end":{"line":207,"column":5}},"type":"if","locations":[{"start":{"line":205,"column":4},"end":{"line":207,"column":5}},{"start":{},"end":{}}],"line":205},"28":{"loc":{"start":{"line":205,"column":8},"end":{"line":205,"column":78}},"type":"binary-expr","locations":[{"start":{"line":205,"column":8},"end":{"line":205,"column":14}},{"start":{"line":205,"column":18},"end":{"line":205,"column":27}},{"start":{"line":205,"column":31},"end":{"line":205,"column":44}},{"start":{"line":205,"column":48},"end":{"line":205,"column":52}},{"start":{"line":205,"column":56},"end":{"line":205,"column":78}}],"line":205},"29":{"loc":{"start":{"line":219,"column":8},"end":{"line":226,"column":9}},"type":"if","locations":[{"start":{"line":219,"column":8},"end":{"line":226,"column":9}},{"start":{},"end":{}}],"line":219},"30":{"loc":{"start":{"line":222,"column":12},"end":{"line":224,"column":13}},"type":"if","locations":[{"start":{"line":222,"column":12},"end":{"line":224,"column":13}},{"start":{},"end":{}}],"line":222},"31":{"loc":{"start":{"line":225,"column":51},"end":{"line":225,"column":108}},"type":"binary-expr","locations":[{"start":{"line":225,"column":51},"end":{"line":225,"column":68}},{"start":{"line":225,"column":72},"end":{"line":225,"column":108}}],"line":225},"32":{"loc":{"start":{"line":228,"column":8},"end":{"line":231,"column":9}},"type":"if","locations":[{"start":{"line":228,"column":8},"end":{"line":231,"column":9}},{"start":{},"end":{}}],"line":228},"33":{"loc":{"start":{"line":228,"column":12},"end":{"line":228,"column":39}},"type":"binary-expr","locations":[{"start":{"line":228,"column":12},"end":{"line":228,"column":21}},{"start":{"line":228,"column":25},"end":{"line":228,"column":39}}],"line":228},"34":{"loc":{"start":{"line":235,"column":36},"end":{"line":237,"column":92}},"type":"cond-expr","locations":[{"start":{"line":236,"column":10},"end":{"line":236,"column":31}},{"start":{"line":237,"column":11},"end":{"line":237,"column":91}}],"line":235},"35":{"loc":{"start":{"line":237,"column":11},"end":{"line":237,"column":91}},"type":"cond-expr","locations":[{"start":{"line":237,"column":35},"end":{"line":237,"column":86}},{"start":{"line":237,"column":89},"end":{"line":237,"column":91}}],"line":237},"36":{"loc":{"start":{"line":262,"column":43},"end":{"line":262,"column":77}},"type":"binary-expr","locations":[{"start":{"line":262,"column":43},"end":{"line":262,"column":61}},{"start":{"line":262,"column":65},"end":{"line":262,"column":77}}],"line":262},"37":{"loc":{"start":{"line":287,"column":16},"end":{"line":287,"column":119}},"type":"cond-expr","locations":[{"start":{"line":287,"column":65},"end":{"line":287,"column":112}},{"start":{"line":287,"column":115},"end":{"line":287,"column":119}}],"line":287},"38":{"loc":{"start":{"line":288,"column":16},"end":{"line":288,"column":113}},"type":"cond-expr","locations":[{"start":{"line":288,"column":62},"end":{"line":288,"column":106}},{"start":{"line":288,"column":109},"end":{"line":288,"column":113}}],"line":288},"39":{"loc":{"start":{"line":289,"column":16},"end":{"line":289,"column":96}},"type":"cond-expr","locations":[{"start":{"line":289,"column":46},"end":{"line":289,"column":89}},{"start":{"line":289,"column":92},"end":{"line":289,"column":96}}],"line":289},"40":{"loc":{"start":{"line":290,"column":16},"end":{"line":290,"column":76}},"type":"cond-expr","locations":[{"start":{"line":290,"column":36},"end":{"line":290,"column":69}},{"start":{"line":290,"column":72},"end":{"line":290,"column":76}}],"line":290},"41":{"loc":{"start":{"line":310,"column":8},"end":{"line":317,"column":9}},"type":"if","locations":[{"start":{"line":310,"column":8},"end":{"line":317,"column":9}},{"start":{},"end":{}}],"line":310}},"s":{"0":1,"1":1,"2":1,"3":1,"4":1,"5":0,"6":0,"7":0,"8":0,"9":0,"10":0,"11":0,"12":0,"13":0,"14":0,"15":0,"16":0,"17":0,"18":0,"19":0,"20":0,"21":0,"22":0,"23":0,"24":0,"25":0,"26":0,"27":0,"28":0,"29":0,"30":0,"31":0,"32":0,"33":0,"34":0,"35":0,"36":0,"37":0,"38":0,"39":0,"40":0,"41":0,"42":0,"43":0,"44":0,"45":0,"46":0,"47":0,"48":0,"49":0,"50":0,"51":0,"52":0,"53":0,"54":1,"55":0,"56":0,"57":0,"58":0,"59":0,"60":0,"61":0,"62":0,"63":0,"64":0,"65":0,"66":0,"67":0,"68":0,"69":0,"70":0,"71":0,"72":0,"73":0,"74":0,"75":0,"76":0,"77":0,"78":0,"79":0,"80":0,"81":0,"82":0,"83":0,"84":0,"85":0,"86":0,"87":0,"88":0,"89":0,"90":0,"91":0,"92":0,"93":1},"f":{"0":0,"1":0,"2":0,"3":0},"b":{"0":[0,0],"1":[0,0,0,0],"2":[0,0],"3":[0,0],"4":[0,0],"5":[0,0],"6":[0,0],"7":[0,0],"8":[0,0],"9":[0,0],"10":[0,0],"11":[0,0],"12":[0,0],"13":[0,0],"14":[0,0],"15":[0,0],"16":[0,0],"17":[0,0],"18":[0,0],"19":[0,0],"20":[0,0],"21":[0,0],"22":[0,0],"23":[0,0],"24":[0,0],"25":[0,0],"26":[0,0],"27":[0,0],"28":[0,0,0,0,0],"29":[0,0],"30":[0,0],"31":[0,0],"32":[0,0],"33":[0,0],"34":[0,0],"35":[0,0],"36":[0,0],"37":[0,0],"38":[0,0],"39":[0,0],"40":[0,0],"41":[0,0]},"_coverageSchema":"1a1c01bbd47fc00a2c39e90264f33305004495a9","hash":"bff3bbf6046e2593ad51d9a240ba869fa004332c"}
,"C:\\Users\\USER\\ESG_Calculator\\brsr_backend\\calculateDerivedValues.js": {"path":"C:\\Users\\USER\\ESG_Calculator\\brsr_backend\\calculateDerivedValues.js","statementMap":{"0":{"start":{"line":3,"column":31},"end":{"line":107,"column":1}},"1":{"start":{"line":4,"column":27},"end":{"line":14,"column":5}},"2":{"start":{"line":16,"column":21},"end":{"line":19,"column":5}},"3":{"start":{"line":17,"column":20},"end":{"line":17,"column":31}},"4":{"start":{"line":18,"column":8},"end":{"line":18,"column":36}},"5":{"start":{"line":22,"column":29},"end":{"line":27,"column":5}},"6":{"start":{"line":23,"column":8},"end":{"line":25,"column":9}},"7":{"start":{"line":24,"column":12},"end":{"line":24,"column":25}},"8":{"start":{"line":26,"column":8},"end":{"line":26,"column":92}},"9":{"start":{"line":30,"column":18},"end":{"line":30,"column":65}},"10":{"start":{"line":31,"column":18},"end":{"line":31,"column":62}},"11":{"start":{"line":32,"column":27},"end":{"line":32,"column":83}},"12":{"start":{"line":33,"column":27},"end":{"line":33,"column":81}},"13":{"start":{"line":34,"column":28},"end":{"line":34,"column":93}},"14":{"start":{"line":35,"column":26},"end":{"line":35,"column":80}},"15":{"start":{"line":36,"column":22},"end":{"line":36,"column":57}},"16":{"start":{"line":39,"column":4},"end":{"line":39,"column":128}},"17":{"start":{"line":40,"column":4},"end":{"line":40,"column":116}},"18":{"start":{"line":41,"column":4},"end":{"line":41,"column":117}},"19":{"start":{"line":42,"column":4},"end":{"line":42,"column":123}},"20":{"start":{"line":43,"column":4},"end":{"line":43,"column":146}},"21":{"start":{"line":46,"column":4},"end":{"line":46,"column":126}},"22":{"start":{"line":47,"column":4},"end":{"line":47,"column":114}},"23":{"start":{"line":48,"column":4},"end":{"line":48,"column":115}},"24":{"start":{"line":49,"column":4},"end":{"line":49,"column":121}},"25":{"start":{"line":50,"column":4},"end":{"line":50,"column":140}},"26":{"start":{"line":53,"column":4},"end":{"line":53,"column":164}},"27":{"start":{"line":54,"column":4},"end":{"line":54,"column":152}},"28":{"start":{"line":55,"column":4},"end":{"line":55,"column":153}},"29":{"start":{"line":56,"column":4},"end":{"line":56,"column":159}},"30":{"start":{"line":57,"column":4},"end":{"line":57,"column":200}},"31":{"start":{"line":60,"column":4},"end":{"line":60,"column":162}},"32":{"start":{"line":61,"column":4},"end":{"line":61,"column":150}},"33":{"start":{"line":62,"column":4},"end":{"line":62,"column":151}},"34":{"start":{"line":63,"column":4},"end":{"line":63,"column":157}},"35":{"start":{"line":64,"column":4},"end":{"line":64,"column":194}},"36":{"start":{"line":67,"column":4},"end":{"line":67,"column":148}},"37":{"start":{"line":68,"column":4},"end":{"line":68,"column":144}},"38":{"start":{"line":69,"column":4},"end":{"line":69,"column":183}},"39":{"start":{"line":70,"column":4},"end":{"line":70,"column":171}},"40":{"start":{"line":71,"column":4},"end":{"line":71,"column":196}},"41":{"start":{"line":73,"column":4},"end":{"line":73,"column":179}},"42":{"start":{"line":74,"column":4},"end":{"line":74,"column":167}},"43":{"start":{"line":75,"column":4},"end":{"line":75,"column":190}},"44":{"start":{"line":78,"column":24},"end":{"line":78,"column":81}},"45":{"start":{"line":79,"column":21},"end":{"line":79,"column":70}},"46":{"start":{"line":82,"column":4},"end":{"line":82,"column":172}},"47":{"start":{"line":85,"column":4},"end":{"line":89,"column":5}},"48":{"start":{"line":86,"column":8},"end":{"line":86,"column":145}},"49":{"start":{"line":88,"column":8},"end":{"line":88,"column":68}},"50":{"start":{"line":92,"column":4},"end":{"line":96,"column":5}},"51":{"start":{"line":93,"column":8},"end":{"line":93,"column":146}},"52":{"start":{"line":95,"column":8},"end":{"line":95,"column":67}},"53":{"start":{"line":99,"column":28},"end":{"line":99,"column":129}},"54":{"start":{"line":100,"column":4},"end":{"line":104,"column":5}},"55":{"start":{"line":101,"column":8},"end":{"line":101,"column":120}},"56":{"start":{"line":103,"column":8},"end":{"line":103,"column":65}},"57":{"start":{"line":106,"column":4},"end":{"line":106,"column":26}},"58":{"start":{"line":109,"column":0},"end":{"line":109,"column":40}}},"fnMap":{"0":{"name":"(anonymous_0)","decl":{"start":{"line":3,"column":31},"end":{"line":3,"column":32}},"loc":{"start":{"line":3,"column":47},"end":{"line":107,"column":1}},"line":3},"1":{"name":"(anonymous_1)","decl":{"start":{"line":16,"column":21},"end":{"line":16,"column":22}},"loc":{"start":{"line":16,"column":30},"end":{"line":19,"column":5}},"line":16},"2":{"name":"(anonymous_2)","decl":{"start":{"line":22,"column":29},"end":{"line":22,"column":30}},"loc":{"start":{"line":22,"column":70},"end":{"line":27,"column":5}},"line":22}},"branchMap":{"0":{"loc":{"start":{"line":18,"column":15},"end":{"line":18,"column":35}},"type":"cond-expr","locations":[{"start":{"line":18,"column":28},"end":{"line":18,"column":29}},{"start":{"line":18,"column":32},"end":{"line":18,"column":35}}],"line":18},"1":{"loc":{"start":{"line":22,"column":54},"end":{"line":22,"column":65}},"type":"default-arg","locations":[{"start":{"line":22,"column":64},"end":{"line":22,"column":65}}],"line":22},"2":{"loc":{"start":{"line":23,"column":8},"end":{"line":25,"column":9}},"type":"if","locations":[{"start":{"line":23,"column":8},"end":{"line":25,"column":9}},{"start":{},"end":{}}],"line":23},"3":{"loc":{"start":{"line":23,"column":12},"end":{"line":23,"column":71}},"type":"binary-expr","locations":[{"start":{"line":23,"column":12},"end":{"line":23,"column":29}},{"start":{"line":23,"column":33},"end":{"line":23,"column":49}},{"start":{"line":23,"column":53},"end":{"line":23,"column":71}}],"line":23},"4":{"loc":{"start":{"line":30,"column":18},"end":{"line":30,"column":65}},"type":"binary-expr","locations":[{"start":{"line":30,"column":18},"end":{"line":30,"column":59}},{"start":{"line":30,"column":63},"end":{"line":30,"column":65}}],"line":30},"5":{"loc":{"start":{"line":31,"column":18},"end":{"line":31,"column":62}},"type":"binary-expr","locations":[{"start":{"line":31,"column":18},"end":{"line":31,"column":56}},{"start":{"line":31,"column":60},"end":{"line":31,"column":62}}],"line":31},"6":{"loc":{"start":{"line":32,"column":27},"end":{"line":32,"column":83}},"type":"binary-expr","locations":[{"start":{"line":32,"column":27},"end":{"line":32,"column":77}},{"start":{"line":32,"column":81},"end":{"line":32,"column":83}}],"line":32},"7":{"loc":{"start":{"line":33,"column":27},"end":{"line":33,"column":81}},"type":"binary-expr","locations":[{"start":{"line":33,"column":27},"end":{"line":33,"column":75}},{"start":{"line":33,"column":79},"end":{"line":33,"column":81}}],"line":33},"8":{"loc":{"start":{"line":34,"column":28},"end":{"line":34,"column":93}},"type":"binary-expr","locations":[{"start":{"line":34,"column":28},"end":{"line":34,"column":87}},{"start":{"line":34,"column":91},"end":{"line":34,"column":93}}],"line":34},"9":{"loc":{"start":{"line":35,"column":26},"end":{"line":35,"column":80}},"type":"binary-expr","locations":[{"start":{"line":35,"column":26},"end":{"line":35,"column":74}},{"start":{"line":35,"column":78},"end":{"line":35,"column":80}}],"line":35},"10":{"loc":{"start":{"line":36,"column":22},"end":{"line":36,"column":57}},"type":"binary-expr","locations":[{"start":{"line":36,"column":22},"end":{"line":36,"column":51}},{"start":{"line":36,"column":55},"end":{"line":36,"column":57}}],"line":36},"11":{"loc":{"start":{"line":78,"column":24},"end":{"line":78,"column":81}},"type":"binary-expr","locations":[{"start":{"line":78,"column":24},"end":{"line":78,"column":75}},{"start":{"line":78,"column":79},"end":{"line":78,"column":81}}],"line":78},"12":{"loc":{"start":{"line":85,"column":4},"end":{"line":89,"column":5}},"type":"if","locations":[{"start":{"line":85,"column":4},"end":{"line":89,"column":5}},{"start":{"line":87,"column":11},"end":{"line":89,"column":5}}],"line":85},"13":{"loc":{"start":{"line":85,"column":8},"end":{"line":85,"column":60}},"type":"binary-expr","locations":[{"start":{"line":85,"column":8},"end":{"line":85,"column":20}},{"start":{"line":85,"column":24},"end":{"line":85,"column":60}}],"line":85},"14":{"loc":{"start":{"line":92,"column":4},"end":{"line":96,"column":5}},"type":"if","locations":[{"start":{"line":92,"column":4},"end":{"line":96,"column":5}},{"start":{"line":94,"column":11},"end":{"line":96,"column":5}}],"line":92},"15":{"loc":{"start":{"line":92,"column":8},"end":{"line":92,"column":62}},"type":"binary-expr","locations":[{"start":{"line":92,"column":8},"end":{"line":92,"column":20}},{"start":{"line":92,"column":24},"end":{"line":92,"column":62}}],"line":92},"16":{"loc":{"start":{"line":100,"column":4},"end":{"line":104,"column":5}},"type":"if","locations":[{"start":{"line":100,"column":4},"end":{"line":104,"column":5}},{"start":{"line":102,"column":11},"end":{"line":104,"column":5}}],"line":100},"17":{"loc":{"start":{"line":100,"column":8},"end":{"line":100,"column":43}},"type":"binary-expr","locations":[{"start":{"line":100,"column":8},"end":{"line":100,"column":20}},{"start":{"line":100,"column":24},"end":{"line":100,"column":43}}],"line":100}},"s":{"0":1,"1":0,"2":0,"3":0,"4":0,"5":0,"6":0,"7":0,"8":0,"9":0,"10":0,"11":0,"12":0,"13":0,"14":0,"15":0,"16":0,"17":0,"18":0,"19":0,"20":0,"21":0,"22":0,"23":0,"24":0,"25":0,"26":0,"27":0,"28":0,"29":0,"30":0,"31":0,"32":0,"33":0,"34":0,"35":0,"36":0,"37":0,"38":0,"39":0,"40":0,"41":0,"42":0,"43":0,"44":0,"45":0,"46":0,"47":0,"48":0,"49":0,"50":0,"51":0,"52":0,"53":0,"54":0,"55":0,"56":0,"57":0,"58":1},"f":{"0":0,"1":0,"2":0},"b":{"0":[0,0],"1":[0],"2":[0,0],"3":[0,0,0],"4":[0,0],"5":[0,0],"6":[0,0],"7":[0,0],"8":[0,0],"9":[0,0],"10":[0,0],"11":[0,0],"12":[0,0],"13":[0,0],"14":[0,0],"15":[0,0],"16":[0,0],"17":[0,0]},"_coverageSchema":"1a1c01bbd47fc00a2c39e90264f33305004495a9","hash":"fd0aaff5996ffee81df3b49c5cb426191c02612a"}
,"C:\\Users\\USER\\ESG_Calculator\\brsr_backend\\companyRoutes.js": {"path":"C:\\Users\\USER\\ESG_Calculator\\brsr_backend\\companyRoutes.js","statementMap":{"0":{"start":{"line":1,"column":16},"end":{"line":1,"column":34}},"1":{"start":{"line":2,"column":15},"end":{"line":2,"column":31}},"2":{"start":{"line":3,"column":11},"end":{"line":3,"column":26}},"3":{"start":{"line":4,"column":13},"end":{"line":4,"column":20}},"4":{"start":{"line":5,"column":23},"end":{"line":5,"column":50}},"5":{"start":{"line":8,"column":0},"end":{"line":11,"column":3}},"6":{"start":{"line":14,"column":0},"end":{"line":73,"column":3}},"7":{"start":{"line":15,"column":4},"end":{"line":72,"column":5}},"8":{"start":{"line":17,"column":8},"end":{"line":20,"column":9}},"9":{"start":{"line":18,"column":12},"end":{"line":18,"column":132}},"10":{"start":{"line":19,"column":12},"end":{"line":19,"column":83}},"11":{"start":{"line":22,"column":26},"end":{"line":22,"column":68}},"12":{"start":{"line":24,"column":8},"end":{"line":65,"column":9}},"13":{"start":{"line":25,"column":36},"end":{"line":34,"column":13}},"14":{"start":{"line":35,"column":37},"end":{"line":35,"column":88}},"15":{"start":{"line":37,"column":12},"end":{"line":52,"column":13}},"16":{"start":{"line":38,"column":16},"end":{"line":38,"column":72}},"17":{"start":{"line":39,"column":16},"end":{"line":39,"column":114}},"18":{"start":{"line":41,"column":16},"end":{"line":41,"column":146}},"19":{"start":{"line":42,"column":16},"end":{"line":51,"column":18}},"20":{"start":{"line":54,"column":12},"end":{"line":54,"column":127}},"21":{"start":{"line":55,"column":12},"end":{"line":64,"column":14}},"22":{"start":{"line":67,"column":8},"end":{"line":67,"column":127}},"23":{"start":{"line":68,"column":8},"end":{"line":68,"column":30}},"24":{"start":{"line":70,"column":8},"end":{"line":70,"column":126}},"25":{"start":{"line":71,"column":8},"end":{"line":71,"column":101}},"26":{"start":{"line":76,"column":0},"end":{"line":273,"column":3}},"27":{"start":{"line":77,"column":38},"end":{"line":77,"column":41}},"28":{"start":{"line":91,"column":8},"end":{"line":91,"column":16}},"29":{"start":{"line":93,"column":4},"end":{"line":95,"column":5}},"30":{"start":{"line":94,"column":8},"end":{"line":94,"column":94}},"31":{"start":{"line":96,"column":22},"end":{"line":96,"column":32}},"32":{"start":{"line":99,"column":4},"end":{"line":101,"column":5}},"33":{"start":{"line":100,"column":8},"end":{"line":100,"column":78}},"34":{"start":{"line":103,"column":19},"end":{"line":103,"column":39}},"35":{"start":{"line":105,"column":4},"end":{"line":272,"column":5}},"36":{"start":{"line":106,"column":8},"end":{"line":106,"column":36}},"37":{"start":{"line":109,"column":36},"end":{"line":109,"column":38}},"38":{"start":{"line":110,"column":30},"end":{"line":110,"column":32}},"39":{"start":{"line":111,"column":32},"end":{"line":111,"column":33}},"40":{"start":{"line":113,"column":40},"end":{"line":118,"column":9}},"41":{"start":{"line":114,"column":12},"end":{"line":117,"column":13}},"42":{"start":{"line":115,"column":16},"end":{"line":115,"column":83}},"43":{"start":{"line":116,"column":16},"end":{"line":116,"column":42}},"44":{"start":{"line":120,"column":8},"end":{"line":120,"column":62}},"45":{"start":{"line":121,"column":8},"end":{"line":121,"column":88}},"46":{"start":{"line":122,"column":8},"end":{"line":122,"column":72}},"47":{"start":{"line":123,"column":8},"end":{"line":123,"column":56}},"48":{"start":{"line":124,"column":8},"end":{"line":124,"column":52}},"49":{"start":{"line":125,"column":8},"end":{"line":125,"column":68}},"50":{"start":{"line":127,"column":8},"end":{"line":134,"column":9}},"51":{"start":{"line":128,"column":40},"end":{"line":132,"column":25}},"52":{"start":{"line":131,"column":64},"end":{"line":131,"column":72}},"53":{"start":{"line":131,"column":86},"end":{"line":131,"column":87}},"54":{"start":{"line":133,"column":12},"end":{"line":133,"column":82}},"55":{"start":{"line":136,"column":8},"end":{"line":136,"column":72}},"56":{"start":{"line":137,"column":8},"end":{"line":137,"column":76}},"57":{"start":{"line":138,"column":8},"end":{"line":138,"column":72}},"58":{"start":{"line":140,"column":8},"end":{"line":150,"column":9}},"59":{"start":{"line":141,"column":12},"end":{"line":141,"column":45}},"60":{"start":{"line":142,"column":39},"end":{"line":147,"column":13}},"61":{"start":{"line":148,"column":12},"end":{"line":148,"column":66}},"62":{"start":{"line":149,"column":12},"end":{"line":149,"column":118}},"63":{"start":{"line":153,"column":8},"end":{"line":245,"column":9}},"64":{"start":{"line":154,"column":12},"end":{"line":154,"column":126}},"65":{"start":{"line":166,"column":16},"end":{"line":166,"column":32}},"66":{"start":{"line":169,"column":41},"end":{"line":169,"column":119}},"67":{"start":{"line":171,"column":12},"end":{"line":171,"column":134}},"68":{"start":{"line":173,"column":12},"end":{"line":242,"column":13}},"69":{"start":{"line":175,"column":41},"end":{"line":175,"column":43}},"70":{"start":{"line":176,"column":35},"end":{"line":176,"column":37}},"71":{"start":{"line":177,"column":37},"end":{"line":177,"column":38}},"72":{"start":{"line":179,"column":45},"end":{"line":184,"column":17}},"73":{"start":{"line":180,"column":20},"end":{"line":183,"column":21}},"74":{"start":{"line":181,"column":24},"end":{"line":181,"column":85}},"75":{"start":{"line":182,"column":24},"end":{"line":182,"column":47}},"76":{"start":{"line":186,"column":16},"end":{"line":186,"column":77}},"77":{"start":{"line":187,"column":16},"end":{"line":187,"column":79}},"78":{"start":{"line":188,"column":16},"end":{"line":188,"column":105}},"79":{"start":{"line":189,"column":16},"end":{"line":189,"column":99}},"80":{"start":{"line":190,"column":16},"end":{"line":190,"column":97}},"81":{"start":{"line":191,"column":16},"end":{"line":191,"column":97}},"82":{"start":{"line":192,"column":16},"end":{"line":192,"column":115}},"83":{"start":{"line":193,"column":16},"end":{"line":193,"column":107}},"84":{"start":{"line":195,"column":16},"end":{"line":216,"column":17}},"85":{"start":{"line":196,"column":20},"end":{"line":196,"column":52}},"86":{"start":{"line":197,"column":20},"end":{"line":197,"column":47}},"87":{"start":{"line":198,"column":44},"end":{"line":203,"column":21}},"88":{"start":{"line":204,"column":20},"end":{"line":204,"column":123}},"89":{"start":{"line":205,"column":20},"end":{"line":205,"column":133}},"90":{"start":{"line":207,"column":45},"end":{"line":207,"column":92}},"91":{"start":{"line":209,"column":20},"end":{"line":209,"column":137}},"92":{"start":{"line":210,"column":20},"end":{"line":212,"column":21}},"93":{"start":{"line":211,"column":24},"end":{"line":211,"column":171}},"94":{"start":{"line":213,"column":20},"end":{"line":213,"column":109}},"95":{"start":{"line":215,"column":20},"end":{"line":215,"column":129}},"96":{"start":{"line":219,"column":16},"end":{"line":219,"column":124}},"97":{"start":{"line":220,"column":40},"end":{"line":229,"column":17}},"98":{"start":{"line":230,"column":41},"end":{"line":240,"column":18}},"99":{"start":{"line":241,"column":16},"end":{"line":241,"column":152}},"100":{"start":{"line":244,"column":12},"end":{"line":244,"column":99}},"101":{"start":{"line":247,"column":8},"end":{"line":247,"column":37}},"102":{"start":{"line":249,"column":36},"end":{"line":258,"column":9}},"103":{"start":{"line":259,"column":28},"end":{"line":259,"column":83}},"104":{"start":{"line":261,"column":8},"end":{"line":264,"column":11}},"105":{"start":{"line":267,"column":8},"end":{"line":267,"column":39}},"106":{"start":{"line":268,"column":8},"end":{"line":268,"column":110}},"107":{"start":{"line":269,"column":8},"end":{"line":269,"column":90}},"108":{"start":{"line":271,"column":8},"end":{"line":271,"column":25}},"109":{"start":{"line":275,"column":0},"end":{"line":275,"column":24}}},"fnMap":{"0":{"name":"(anonymous_0)","decl":{"start":{"line":14,"column":39},"end":{"line":14,"column":40}},"loc":{"start":{"line":14,"column":59},"end":{"line":73,"column":1}},"line":14},"1":{"name":"(anonymous_1)","decl":{"start":{"line":76,"column":39},"end":{"line":76,"column":40}},"loc":{"start":{"line":76,"column":59},"end":{"line":273,"column":1}},"line":76},"2":{"name":"(anonymous_2)","decl":{"start":{"line":113,"column":40},"end":{"line":113,"column":41}},"loc":{"start":{"line":113,"column":62},"end":{"line":118,"column":9}},"line":113},"3":{"name":"(anonymous_3)","decl":{"start":{"line":131,"column":59},"end":{"line":131,"column":60}},"loc":{"start":{"line":131,"column":64},"end":{"line":131,"column":72}},"line":131},"4":{"name":"(anonymous_4)","decl":{"start":{"line":131,"column":81},"end":{"line":131,"column":82}},"loc":{"start":{"line":131,"column":86},"end":{"line":131,"column":87}},"line":131},"5":{"name":"(anonymous_5)","decl":{"start":{"line":179,"column":45},"end":{"line":179,"column":46}},"loc":{"start":{"line":179,"column":67},"end":{"line":184,"column":17}},"line":179}},"branchMap":{"0":{"loc":{"start":{"line":10,"column":20},"end":{"line":10,"column":60}},"type":"binary-expr","locations":[{"start":{"line":10,"column":20},"end":{"line":10,"column":24}},{"start":{"line":10,"column":28},"end":{"line":10,"column":60}}],"line":10},"1":{"loc":{"start":{"line":17,"column":8},"end":{"line":20,"column":9}},"type":"if","locations":[{"start":{"line":17,"column":8},"end":{"line":20,"column":9}},{"start":{},"end":{}}],"line":17},"2":{"loc":{"start":{"line":37,"column":12},"end":{"line":52,"column":13}},"type":"if","locations":[{"start":{"line":37,"column":12},"end":{"line":52,"column":13}},{"start":{"line":40,"column":19},"end":{"line":52,"column":13}}],"line":37},"3":{"loc":{"start":{"line":93,"column":4},"end":{"line":95,"column":5}},"type":"if","locations":[{"start":{"line":93,"column":4},"end":{"line":95,"column":5}},{"start":{},"end":{}}],"line":93},"4":{"loc":{"start":{"line":99,"column":4},"end":{"line":101,"column":5}},"type":"if","locations":[{"start":{"line":99,"column":4},"end":{"line":101,"column":5}},{"start":{},"end":{}}],"line":99},"5":{"loc":{"start":{"line":99,"column":8},"end":{"line":99,"column":64}},"type":"binary-expr","locations":[{"start":{"line":99,"column":8},"end":{"line":99,"column":34}},{"start":{"line":99,"column":38},"end":{"line":99,"column":64}}],"line":99},"6":{"loc":{"start":{"line":114,"column":12},"end":{"line":117,"column":13}},"type":"if","locations":[{"start":{"line":114,"column":12},"end":{"line":117,"column":13}},{"start":{},"end":{}}],"line":114},"7":{"loc":{"start":{"line":127,"column":8},"end":{"line":134,"column":9}},"type":"if","locations":[{"start":{"line":127,"column":8},"end":{"line":134,"column":9}},{"start":{},"end":{}}],"line":127},"8":{"loc":{"start":{"line":128,"column":40},"end":{"line":132,"column":25}},"type":"cond-expr","locations":[{"start":{"line":129,"column":18},"end":{"line":129,"column":39}},{"start":{"line":130,"column":19},"end":{"line":132,"column":24}}],"line":128},"9":{"loc":{"start":{"line":130,"column":19},"end":{"line":132,"column":24}},"type":"cond-expr","locations":[{"start":{"line":131,"column":22},"end":{"line":131,"column":88}},{"start":{"line":132,"column":22},"end":{"line":132,"column":24}}],"line":130},"10":{"loc":{"start":{"line":140,"column":8},"end":{"line":150,"column":9}},"type":"if","locations":[{"start":{"line":140,"column":8},"end":{"line":150,"column":9}},{"start":{},"end":{}}],"line":140},"11":{"loc":{"start":{"line":153,"column":8},"end":{"line":245,"column":9}},"type":"if","locations":[{"start":{"line":153,"column":8},"end":{"line":245,"column":9}},{"start":{"line":243,"column":15},"end":{"line":245,"column":9}}],"line":153},"12":{"loc":{"start":{"line":169,"column":41},"end":{"line":169,"column":119}},"type":"binary-expr","locations":[{"start":{"line":169,"column":41},"end":{"line":169,"column":55}},{"start":{"line":169,"column":59},"end":{"line":169,"column":119}}],"line":169},"13":{"loc":{"start":{"line":173,"column":12},"end":{"line":242,"column":13}},"type":"if","locations":[{"start":{"line":173,"column":12},"end":{"line":242,"column":13}},{"start":{"line":217,"column":19},"end":{"line":242,"column":13}}],"line":173},"14":{"loc":{"start":{"line":180,"column":20},"end":{"line":183,"column":21}},"type":"if","locations":[{"start":{"line":180,"column":20},"end":{"line":183,"column":21}},{"start":{},"end":{}}],"line":180},"15":{"loc":{"start":{"line":195,"column":16},"end":{"line":216,"column":17}},"type":"if","locations":[{"start":{"line":195,"column":16},"end":{"line":216,"column":17}},{"start":{"line":214,"column":23},"end":{"line":216,"column":17}}],"line":195},"16":{"loc":{"start":{"line":210,"column":20},"end":{"line":212,"column":21}},"type":"if","locations":[{"start":{"line":210,"column":20},"end":{"line":212,"column":21}},{"start":{},"end":{}}],"line":210}},"s":{"0":1,"1":1,"2":1,"3":1,"4":1,"5":1,"6":1,"7":0,"8":0,"9":0,"10":0,"11":0,"12":0,"13":0,"14":0,"15":0,"16":0,"17":0,"18":0,"19":0,"20":0,"21":0,"22":0,"23":0,"24":0,"25":0,"26":1,"27":0,"28":0,"29":0,"30":0,"31":0,"32":0,"33":0,"34":0,"35":0,"36":0,"37":0,"38":0,"39":0,"40":0,"41":0,"42":0,"43":0,"44":0,"45":0,"46":0,"47":0,"48":0,"49":0,"50":0,"51":0,"52":0,"53":0,"54":0,"55":0,"56":0,"57":0,"58":0,"59":0,"60":0,"61":0,"62":0,"63":0,"64":0,"65":0,"66":0,"67":0,"68":0,"69":0,"70":0,"71":0,"72":0,"73":0,"74":0,"75":0,"76":0,"77":0,"78":0,"79":0,"80":0,"81":0,"82":0,"83":0,"84":0,"85":0,"86":0,"87":0,"88":0,"89":0,"90":0,"91":0,"92":0,"93":0,"94":0,"95":0,"96":0,"97":0,"98":0,"99":0,"100":0,"101":0,"102":0,"103":0,"104":0,"105":0,"106":0,"107":0,"108":0,"109":1},"f":{"0":0,"1":0,"2":0,"3":0,"4":0,"5":0},"b":{"0":[1,1],"1":[0,0],"2":[0,0],"3":[0,0],"4":[0,0],"5":[0,0],"6":[0,0],"7":[0,0],"8":[0,0],"9":[0,0],"10":[0,0],"11":[0,0],"12":[0,0],"13":[0,0],"14":[0,0],"15":[0,0],"16":[0,0]},"_coverageSchema":"1a1c01bbd47fc00a2c39e90264f33305004495a9","hash":"174d12d06f61b6f9972195ff04f56fe0f767a485"}
,"C:\\Users\\USER\\ESG_Calculator\\brsr_backend\\enhancedPdfCalculationsTest.js": {"path":"C:\\Users\\USER\\ESG_Calculator\\brsr_backend\\enhancedPdfCalculationsTest.js","statementMap":{"0":{"start":{"line":2,"column":35},"end":{"line":2,"column":60}},"1":{"start":{"line":5,"column":25},"end":{"line":91,"column":1}},"2":{"start":{"line":97,"column":4},"end":{"line":97,"column":59}},"3":{"start":{"line":98,"column":4},"end":{"line":98,"column":58}},"4":{"start":{"line":101,"column":27},"end":{"line":101,"column":67}},"5":{"start":{"line":102,"column":19},"end":{"line":102,"column":21}},"6":{"start":{"line":105,"column":67},"end":{"line":105,"column":68}},"7":{"start":{"line":106,"column":32},"end":{"line":106,"column":48}},"8":{"start":{"line":107,"column":34},"end":{"line":107,"column":52}},"9":{"start":{"line":108,"column":23},"end":{"line":108,"column":82}},"10":{"start":{"line":110,"column":8},"end":{"line":110,"column":103}},"11":{"start":{"line":112,"column":8},"end":{"line":114,"column":9}},"12":{"start":{"line":113,"column":12},"end":{"line":113,"column":95}},"13":{"start":{"line":117,"column":4},"end":{"line":117,"column":58}},"14":{"start":{"line":118,"column":4},"end":{"line":118,"column":55}},"15":{"start":{"line":121,"column":4},"end":{"line":131,"column":5}},"16":{"start":{"line":122,"column":20},"end":{"line":122,"column":53}},"17":{"start":{"line":123,"column":8},"end":{"line":123,"column":71}},"18":{"start":{"line":124,"column":8},"end":{"line":124,"column":93}},"19":{"start":{"line":125,"column":8},"end":{"line":125,"column":61}},"20":{"start":{"line":126,"column":8},"end":{"line":126,"column":65}},"21":{"start":{"line":127,"column":8},"end":{"line":127,"column":63}},"22":{"start":{"line":129,"column":8},"end":{"line":129,"column":72}},"23":{"start":{"line":130,"column":8},"end":{"line":130,"column":112}},"24":{"start":{"line":134,"column":4},"end":{"line":144,"column":5}},"25":{"start":{"line":135,"column":24},"end":{"line":135,"column":55}},"26":{"start":{"line":136,"column":8},"end":{"line":136,"column":74}},"27":{"start":{"line":137,"column":8},"end":{"line":137,"column":95}},"28":{"start":{"line":138,"column":8},"end":{"line":138,"column":64}},"29":{"start":{"line":139,"column":8},"end":{"line":139,"column":67}},"30":{"start":{"line":140,"column":8},"end":{"line":140,"column":66}},"31":{"start":{"line":142,"column":8},"end":{"line":142,"column":71}},"32":{"start":{"line":143,"column":8},"end":{"line":143,"column":111}},"33":{"start":{"line":147,"column":4},"end":{"line":157,"column":5}},"34":{"start":{"line":148,"column":26},"end":{"line":148,"column":67}},"35":{"start":{"line":149,"column":8},"end":{"line":149,"column":83}},"36":{"start":{"line":150,"column":8},"end":{"line":150,"column":79}},"37":{"start":{"line":151,"column":8},"end":{"line":151,"column":73}},"38":{"start":{"line":152,"column":8},"end":{"line":152,"column":77}},"39":{"start":{"line":153,"column":8},"end":{"line":153,"column":76}},"40":{"start":{"line":155,"column":8},"end":{"line":155,"column":81}},"41":{"start":{"line":156,"column":8},"end":{"line":156,"column":121}},"42":{"start":{"line":160,"column":4},"end":{"line":167,"column":5}},"43":{"start":{"line":161,"column":22},"end":{"line":161,"column":66}},"44":{"start":{"line":162,"column":8},"end":{"line":162,"column":75}},"45":{"start":{"line":163,"column":8},"end":{"line":163,"column":71}},"46":{"start":{"line":165,"column":8},"end":{"line":165,"column":84}},"47":{"start":{"line":166,"column":8},"end":{"line":166,"column":124}},"48":{"start":{"line":170,"column":4},"end":{"line":180,"column":5}},"49":{"start":{"line":171,"column":20},"end":{"line":171,"column":53}},"50":{"start":{"line":172,"column":8},"end":{"line":172,"column":52}},"51":{"start":{"line":173,"column":8},"end":{"line":173,"column":55}},"52":{"start":{"line":174,"column":8},"end":{"line":174,"column":67}},"53":{"start":{"line":175,"column":8},"end":{"line":175,"column":76}},"54":{"start":{"line":176,"column":8},"end":{"line":176,"column":61}},"55":{"start":{"line":178,"column":8},"end":{"line":178,"column":73}},"56":{"start":{"line":179,"column":8},"end":{"line":179,"column":113}},"57":{"start":{"line":182,"column":4},"end":{"line":182,"column":61}},"58":{"start":{"line":183,"column":4},"end":{"line":183,"column":57}},"59":{"start":{"line":186,"column":4},"end":{"line":193,"column":5}},"60":{"start":{"line":187,"column":8},"end":{"line":189,"column":22}},"61":{"start":{"line":191,"column":8},"end":{"line":191,"column":85}},"62":{"start":{"line":192,"column":8},"end":{"line":192,"column":116}},"63":{"start":{"line":195,"column":4},"end":{"line":195,"column":61}},"64":{"start":{"line":196,"column":4},"end":{"line":196,"column":57}},"65":{"start":{"line":199,"column":4},"end":{"line":219,"column":5}},"66":{"start":{"line":200,"column":22},"end":{"line":200,"column":65}},"67":{"start":{"line":201,"column":8},"end":{"line":201,"column":59}},"68":{"start":{"line":202,"column":8},"end":{"line":202,"column":55}},"69":{"start":{"line":203,"column":8},"end":{"line":203,"column":66}},"70":{"start":{"line":204,"column":8},"end":{"line":204,"column":70}},"71":{"start":{"line":205,"column":8},"end":{"line":205,"column":58}},"72":{"start":{"line":206,"column":8},"end":{"line":206,"column":67}},"73":{"start":{"line":209,"column":8},"end":{"line":215,"column":9}},"74":{"start":{"line":210,"column":12},"end":{"line":210,"column":99}},"75":{"start":{"line":211,"column":12},"end":{"line":211,"column":106}},"76":{"start":{"line":213,"column":12},"end":{"line":213,"column":88}},"77":{"start":{"line":214,"column":12},"end":{"line":214,"column":128}},"78":{"start":{"line":217,"column":8},"end":{"line":217,"column":70}},"79":{"start":{"line":218,"column":8},"end":{"line":218,"column":110}},"80":{"start":{"line":222,"column":4},"end":{"line":240,"column":5}},"81":{"start":{"line":223,"column":23},"end":{"line":223,"column":68}},"82":{"start":{"line":224,"column":8},"end":{"line":224,"column":68}},"83":{"start":{"line":225,"column":8},"end":{"line":225,"column":54}},"84":{"start":{"line":226,"column":8},"end":{"line":226,"column":67}},"85":{"start":{"line":227,"column":8},"end":{"line":227,"column":82}},"86":{"start":{"line":230,"column":8},"end":{"line":236,"column":9}},"87":{"start":{"line":231,"column":12},"end":{"line":231,"column":114}},"88":{"start":{"line":232,"column":12},"end":{"line":232,"column":108}},"89":{"start":{"line":234,"column":12},"end":{"line":234,"column":90}},"90":{"start":{"line":235,"column":12},"end":{"line":235,"column":118}},"91":{"start":{"line":238,"column":8},"end":{"line":238,"column":72}},"92":{"start":{"line":239,"column":8},"end":{"line":239,"column":112}},"93":{"start":{"line":243,"column":4},"end":{"line":272,"column":5}},"94":{"start":{"line":244,"column":22},"end":{"line":244,"column":65}},"95":{"start":{"line":247,"column":8},"end":{"line":256,"column":9}},"96":{"start":{"line":248,"column":12},"end":{"line":248,"column":84}},"97":{"start":{"line":249,"column":12},"end":{"line":249,"column":87}},"98":{"start":{"line":250,"column":12},"end":{"line":250,"column":89}},"99":{"start":{"line":251,"column":12},"end":{"line":251,"column":95}},"100":{"start":{"line":252,"column":12},"end":{"line":252,"column":78}},"101":{"start":{"line":254,"column":12},"end":{"line":254,"column":73}},"102":{"start":{"line":255,"column":12},"end":{"line":255,"column":113}},"103":{"start":{"line":259,"column":8},"end":{"line":268,"column":9}},"104":{"start":{"line":260,"column":12},"end":{"line":260,"column":92}},"105":{"start":{"line":261,"column":12},"end":{"line":261,"column":96}},"106":{"start":{"line":262,"column":12},"end":{"line":262,"column":98}},"107":{"start":{"line":263,"column":12},"end":{"line":263,"column":103}},"108":{"start":{"line":264,"column":12},"end":{"line":264,"column":86}},"109":{"start":{"line":266,"column":12},"end":{"line":266,"column":77}},"110":{"start":{"line":267,"column":12},"end":{"line":267,"column":117}},"111":{"start":{"line":270,"column":8},"end":{"line":270,"column":70}},"112":{"start":{"line":271,"column":8},"end":{"line":271,"column":110}},"113":{"start":{"line":275,"column":4},"end":{"line":275,"column":34}},"114":{"start":{"line":276,"column":4},"end":{"line":276,"column":31}},"115":{"start":{"line":277,"column":4},"end":{"line":284,"column":5}},"116":{"start":{"line":278,"column":8},"end":{"line":278,"column":56}},"117":{"start":{"line":280,"column":8},"end":{"line":280,"column":58}},"118":{"start":{"line":281,"column":8},"end":{"line":283,"column":11}},"119":{"start":{"line":282,"column":12},"end":{"line":282,"column":111}},"120":{"start":{"line":286,"column":4},"end":{"line":286,"column":31}},"121":{"start":{"line":289,"column":0},"end":{"line":289,"column":11}}},"fnMap":{"0":{"name":"runTests","decl":{"start":{"line":96,"column":9},"end":{"line":96,"column":17}},"loc":{"start":{"line":96,"column":20},"end":{"line":287,"column":1}},"line":96},"1":{"name":"verify","decl":{"start":{"line":105,"column":13},"end":{"line":105,"column":19}},"loc":{"start":{"line":105,"column":70},"end":{"line":115,"column":5}},"line":105},"2":{"name":"(anonymous_2)","decl":{"start":{"line":105,"column":62},"end":{"line":105,"column":63}},"loc":{"start":{"line":105,"column":67},"end":{"line":105,"column":68}},"line":105},"3":{"name":"(anonymous_3)","decl":{"start":{"line":281,"column":23},"end":{"line":281,"column":24}},"loc":{"start":{"line":281,"column":41},"end":{"line":283,"column":9}},"line":281}},"branchMap":{"0":{"loc":{"start":{"line":105,"column":51},"end":{"line":105,"column":68}},"type":"default-arg","locations":[{"start":{"line":105,"column":62},"end":{"line":105,"column":68}}],"line":105},"1":{"loc":{"start":{"line":108,"column":23},"end":{"line":108,"column":82}},"type":"cond-expr","locations":[{"start":{"line":108,"column":63},"end":{"line":108,"column":71}},{"start":{"line":108,"column":74},"end":{"line":108,"column":82}}],"line":108},"2":{"loc":{"start":{"line":112,"column":8},"end":{"line":114,"column":9}},"type":"if","locations":[{"start":{"line":112,"column":8},"end":{"line":114,"column":9}},{"start":{},"end":{}}],"line":112},"3":{"loc":{"start":{"line":121,"column":4},"end":{"line":131,"column":5}},"type":"if","locations":[{"start":{"line":121,"column":4},"end":{"line":131,"column":5}},{"start":{"line":128,"column":11},"end":{"line":131,"column":5}}],"line":121},"4":{"loc":{"start":{"line":121,"column":8},"end":{"line":121,"column":68}},"type":"binary-expr","locations":[{"start":{"line":121,"column":8},"end":{"line":121,"column":31}},{"start":{"line":121,"column":35},"end":{"line":121,"column":68}}],"line":121},"5":{"loc":{"start":{"line":134,"column":4},"end":{"line":144,"column":5}},"type":"if","locations":[{"start":{"line":134,"column":4},"end":{"line":144,"column":5}},{"start":{"line":141,"column":11},"end":{"line":144,"column":5}}],"line":134},"6":{"loc":{"start":{"line":134,"column":8},"end":{"line":134,"column":66}},"type":"binary-expr","locations":[{"start":{"line":134,"column":8},"end":{"line":134,"column":31}},{"start":{"line":134,"column":35},"end":{"line":134,"column":66}}],"line":134},"7":{"loc":{"start":{"line":147,"column":4},"end":{"line":157,"column":5}},"type":"if","locations":[{"start":{"line":147,"column":4},"end":{"line":157,"column":5}},{"start":{"line":154,"column":11},"end":{"line":157,"column":5}}],"line":147},"8":{"loc":{"start":{"line":147,"column":8},"end":{"line":147,"column":76}},"type":"binary-expr","locations":[{"start":{"line":147,"column":8},"end":{"line":147,"column":31}},{"start":{"line":147,"column":35},"end":{"line":147,"column":76}}],"line":147},"9":{"loc":{"start":{"line":160,"column":4},"end":{"line":167,"column":5}},"type":"if","locations":[{"start":{"line":160,"column":4},"end":{"line":167,"column":5}},{"start":{"line":164,"column":11},"end":{"line":167,"column":5}}],"line":160},"10":{"loc":{"start":{"line":160,"column":8},"end":{"line":160,"column":79}},"type":"binary-expr","locations":[{"start":{"line":160,"column":8},"end":{"line":160,"column":31}},{"start":{"line":160,"column":35},"end":{"line":160,"column":79}}],"line":160},"11":{"loc":{"start":{"line":170,"column":4},"end":{"line":180,"column":5}},"type":"if","locations":[{"start":{"line":170,"column":4},"end":{"line":180,"column":5}},{"start":{"line":177,"column":11},"end":{"line":180,"column":5}}],"line":170},"12":{"loc":{"start":{"line":170,"column":8},"end":{"line":170,"column":68}},"type":"binary-expr","locations":[{"start":{"line":170,"column":8},"end":{"line":170,"column":31}},{"start":{"line":170,"column":35},"end":{"line":170,"column":68}}],"line":170},"13":{"loc":{"start":{"line":186,"column":4},"end":{"line":193,"column":5}},"type":"if","locations":[{"start":{"line":186,"column":4},"end":{"line":193,"column":5}},{"start":{"line":190,"column":11},"end":{"line":193,"column":5}}],"line":186},"14":{"loc":{"start":{"line":186,"column":8},"end":{"line":186,"column":61}},"type":"binary-expr","locations":[{"start":{"line":186,"column":8},"end":{"line":186,"column":31}},{"start":{"line":186,"column":35},"end":{"line":186,"column":61}}],"line":186},"15":{"loc":{"start":{"line":199,"column":4},"end":{"line":219,"column":5}},"type":"if","locations":[{"start":{"line":199,"column":4},"end":{"line":219,"column":5}},{"start":{"line":216,"column":11},"end":{"line":219,"column":5}}],"line":199},"16":{"loc":{"start":{"line":199,"column":8},"end":{"line":199,"column":108}},"type":"binary-expr","locations":[{"start":{"line":199,"column":8},"end":{"line":199,"column":31}},{"start":{"line":199,"column":35},"end":{"line":199,"column":61}},{"start":{"line":199,"column":65},"end":{"line":199,"column":108}}],"line":199},"17":{"loc":{"start":{"line":209,"column":8},"end":{"line":215,"column":9}},"type":"if","locations":[{"start":{"line":209,"column":8},"end":{"line":215,"column":9}},{"start":{"line":212,"column":15},"end":{"line":215,"column":9}}],"line":209},"18":{"loc":{"start":{"line":222,"column":4},"end":{"line":240,"column":5}},"type":"if","locations":[{"start":{"line":222,"column":4},"end":{"line":240,"column":5}},{"start":{"line":237,"column":11},"end":{"line":240,"column":5}}],"line":222},"19":{"loc":{"start":{"line":222,"column":8},"end":{"line":222,"column":110}},"type":"binary-expr","locations":[{"start":{"line":222,"column":8},"end":{"line":222,"column":31}},{"start":{"line":222,"column":35},"end":{"line":222,"column":61}},{"start":{"line":222,"column":65},"end":{"line":222,"column":110}}],"line":222},"20":{"loc":{"start":{"line":230,"column":8},"end":{"line":236,"column":9}},"type":"if","locations":[{"start":{"line":230,"column":8},"end":{"line":236,"column":9}},{"start":{"line":233,"column":15},"end":{"line":236,"column":9}}],"line":230},"21":{"loc":{"start":{"line":243,"column":4},"end":{"line":272,"column":5}},"type":"if","locations":[{"start":{"line":243,"column":4},"end":{"line":272,"column":5}},{"start":{"line":269,"column":11},"end":{"line":272,"column":5}}],"line":243},"22":{"loc":{"start":{"line":243,"column":8},"end":{"line":243,"column":108}},"type":"binary-expr","locations":[{"start":{"line":243,"column":8},"end":{"line":243,"column":31}},{"start":{"line":243,"column":35},"end":{"line":243,"column":61}},{"start":{"line":243,"column":65},"end":{"line":243,"column":108}}],"line":243},"23":{"loc":{"start":{"line":247,"column":8},"end":{"line":256,"column":9}},"type":"if","locations":[{"start":{"line":247,"column":8},"end":{"line":256,"column":9}},{"start":{"line":253,"column":15},"end":{"line":256,"column":9}}],"line":247},"24":{"loc":{"start":{"line":259,"column":8},"end":{"line":268,"column":9}},"type":"if","locations":[{"start":{"line":259,"column":8},"end":{"line":268,"column":9}},{"start":{"line":265,"column":15},"end":{"line":268,"column":9}}],"line":259},"25":{"loc":{"start":{"line":277,"column":4},"end":{"line":284,"column":5}},"type":"if","locations":[{"start":{"line":277,"column":4},"end":{"line":284,"column":5}},{"start":{"line":279,"column":11},"end":{"line":284,"column":5}}],"line":277}},"s":{"0":0,"1":0,"2":0,"3":0,"4":0,"5":0,"6":0,"7":0,"8":0,"9":0,"10":0,"11":0,"12":0,"13":0,"14":0,"15":0,"16":0,"17":0,"18":0,"19":0,"20":0,"21":0,"22":0,"23":0,"24":0,"25":0,"26":0,"27":0,"28":0,"29":0,"30":0,"31":0,"32":0,"33":0,"34":0,"35":0,"36":0,"37":0,"38":0,"39":0,"40":0,"41":0,"42":0,"43":0,"44":0,"45":0,"46":0,"47":0,"48":0,"49":0,"50":0,"51":0,"52":0,"53":0,"54":0,"55":0,"56":0,"57":0,"58":0,"59":0,"60":0,"61":0,"62":0,"63":0,"64":0,"65":0,"66":0,"67":0,"68":0,"69":0,"70":0,"71":0,"72":0,"73":0,"74":0,"75":0,"76":0,"77":0,"78":0,"79":0,"80":0,"81":0,"82":0,"83":0,"84":0,"85":0,"86":0,"87":0,"88":0,"89":0,"90":0,"91":0,"92":0,"93":0,"94":0,"95":0,"96":0,"97":0,"98":0,"99":0,"100":0,"101":0,"102":0,"103":0,"104":0,"105":0,"106":0,"107":0,"108":0,"109":0,"110":0,"111":0,"112":0,"113":0,"114":0,"115":0,"116":0,"117":0,"118":0,"119":0,"120":0,"121":0},"f":{"0":0,"1":0,"2":0,"3":0},"b":{"0":[0],"1":[0,0],"2":[0,0],"3":[0,0],"4":[0,0],"5":[0,0],"6":[0,0],"7":[0,0],"8":[0,0],"9":[0,0],"10":[0,0],"11":[0,0],"12":[0,0],"13":[0,0],"14":[0,0],"15":[0,0],"16":[0,0,0],"17":[0,0],"18":[0,0],"19":[0,0,0],"20":[0,0],"21":[0,0],"22":[0,0,0],"23":[0,0],"24":[0,0],"25":[0,0]}}
,"C:\\Users\\USER\\ESG_Calculator\\brsr_backend\\pdfGenerator.js": {"path":"C:\\Users\\USER\\ESG_Calculator\\brsr_backend\\pdfGenerator.js","statementMap":{"0":{"start":{"line":2,"column":20},"end":{"line":2,"column":37}},"1":{"start":{"line":3,"column":11},"end":{"line":3,"column":24}},"2":{"start":{"line":4,"column":13},"end":{"line":4,"column":28}},"3":{"start":{"line":8,"column":4},"end":{"line":11,"column":5}},"4":{"start":{"line":9,"column":8},"end":{"line":9,"column":22}},"5":{"start":{"line":10,"column":8},"end":{"line":10,"column":36}},"6":{"start":{"line":12,"column":4},"end":{"line":12,"column":20}},"7":{"start":{"line":18,"column":19},"end":{"line":18,"column":25}},"8":{"start":{"line":19,"column":22},"end":{"line":19,"column":45}},"9":{"start":{"line":20,"column":28},"end":{"line":20,"column":57}},"10":{"start":{"line":21,"column":24},"end":{"line":21,"column":48}},"11":{"start":{"line":22,"column":28},"end":{"line":22,"column":50}},"12":{"start":{"line":23,"column":27},"end":{"line":23,"column":55}},"13":{"start":{"line":25,"column":4},"end":{"line":25,"column":56}},"14":{"start":{"line":28,"column":22},"end":{"line":32,"column":5}},"15":{"start":{"line":29,"column":8},"end":{"line":31,"column":19}},"16":{"start":{"line":35,"column":19},"end":{"line":35,"column":25}},"17":{"start":{"line":36,"column":4},"end":{"line":40,"column":7}},"18":{"start":{"line":37,"column":8},"end":{"line":37,"column":77}},"19":{"start":{"line":38,"column":8},"end":{"line":38,"column":131}},"20":{"start":{"line":39,"column":8},"end":{"line":39,"column":33}},"21":{"start":{"line":41,"column":4},"end":{"line":41,"column":32}},"22":{"start":{"line":43,"column":4},"end":{"line":43,"column":52}},"23":{"start":{"line":46,"column":4},"end":{"line":94,"column":7}},"24":{"start":{"line":47,"column":8},"end":{"line":47,"column":79}},"25":{"start":{"line":48,"column":8},"end":{"line":59,"column":9}},"26":{"start":{"line":50,"column":24},"end":{"line":50,"column":30}},"27":{"start":{"line":51,"column":12},"end":{"line":51,"column":64}},"28":{"start":{"line":52,"column":12},"end":{"line":56,"column":15}},"29":{"start":{"line":53,"column":16},"end":{"line":53,"column":79}},"30":{"start":{"line":54,"column":16},"end":{"line":54,"column":133}},"31":{"start":{"line":55,"column":16},"end":{"line":55,"column":38}},"32":{"start":{"line":57,"column":12},"end":{"line":57,"column":47}},"33":{"start":{"line":58,"column":12},"end":{"line":58,"column":60}},"34":{"start":{"line":62,"column":29},"end":{"line":62,"column":38}},"35":{"start":{"line":65,"column":8},"end":{"line":68,"column":11}},"36":{"start":{"line":66,"column":31},"end":{"line":66,"column":106}},"37":{"start":{"line":67,"column":12},"end":{"line":67,"column":93}},"38":{"start":{"line":67,"column":45},"end":{"line":67,"column":93}},"39":{"start":{"line":69,"column":8},"end":{"line":69,"column":67}},"40":{"start":{"line":69,"column":40},"end":{"line":69,"column":67}},"41":{"start":{"line":72,"column":8},"end":{"line":72,"column":66}},"42":{"start":{"line":73,"column":9},"end":{"line":85,"column":9}},"43":{"start":{"line":74,"column":12},"end":{"line":74,"column":29}},"44":{"start":{"line":76,"column":24},"end":{"line":76,"column":30}},"45":{"start":{"line":77,"column":12},"end":{"line":77,"column":64}},"46":{"start":{"line":78,"column":12},"end":{"line":82,"column":15}},"47":{"start":{"line":79,"column":16},"end":{"line":79,"column":82}},"48":{"start":{"line":80,"column":16},"end":{"line":80,"column":136}},"49":{"start":{"line":81,"column":16},"end":{"line":81,"column":38}},"50":{"start":{"line":83,"column":12},"end":{"line":83,"column":40}},"51":{"start":{"line":84,"column":12},"end":{"line":84,"column":60}},"52":{"start":{"line":87,"column":8},"end":{"line":87,"column":26}},"53":{"start":{"line":88,"column":8},"end":{"line":92,"column":11}},"54":{"start":{"line":89,"column":12},"end":{"line":89,"column":80}},"55":{"start":{"line":90,"column":12},"end":{"line":90,"column":184}},"56":{"start":{"line":91,"column":12},"end":{"line":91,"column":37}},"57":{"start":{"line":93,"column":8},"end":{"line":93,"column":35}},"58":{"start":{"line":95,"column":4},"end":{"line":95,"column":21}},"59":{"start":{"line":96,"column":4},"end":{"line":96,"column":20}},"60":{"start":{"line":102,"column":4},"end":{"line":102,"column":76}},"61":{"start":{"line":103,"column":4},"end":{"line":103,"column":202}},"62":{"start":{"line":104,"column":4},"end":{"line":104,"column":21}},"63":{"start":{"line":109,"column":23},"end":{"line":109,"column":47}},"64":{"start":{"line":110,"column":14},"end":{"line":110,"column":45}},"65":{"start":{"line":111,"column":4},"end":{"line":111,"column":86}},"66":{"start":{"line":112,"column":4},"end":{"line":112,"column":22}},"67":{"start":{"line":117,"column":4},"end":{"line":117,"column":120}},"68":{"start":{"line":118,"column":4},"end":{"line":118,"column":22}},"69":{"start":{"line":121,"column":4},"end":{"line":121,"column":84}},"70":{"start":{"line":122,"column":4},"end":{"line":122,"column":21}},"71":{"start":{"line":126,"column":4},"end":{"line":126,"column":191}},"72":{"start":{"line":127,"column":4},"end":{"line":127,"column":21}},"73":{"start":{"line":732,"column":16},"end":{"line":732,"column":79}},"74":{"start":{"line":733,"column":19},"end":{"line":733,"column":51}},"75":{"start":{"line":734,"column":4},"end":{"line":734,"column":21}},"76":{"start":{"line":739,"column":4},"end":{"line":739,"column":26}},"77":{"start":{"line":741,"column":19},"end":{"line":741,"column":21}},"78":{"start":{"line":742,"column":23},"end":{"line":742,"column":25}},"79":{"start":{"line":743,"column":25},"end":{"line":743,"column":56}},"80":{"start":{"line":746,"column":22},"end":{"line":750,"column":5}},"81":{"start":{"line":747,"column":8},"end":{"line":748,"column":173}},"82":{"start":{"line":749,"column":8},"end":{"line":749,"column":22}},"83":{"start":{"line":753,"column":22},"end":{"line":757,"column":5}},"84":{"start":{"line":754,"column":27},"end":{"line":754,"column":42}},"85":{"start":{"line":755,"column":8},"end":{"line":756,"column":94}},"86":{"start":{"line":759,"column":4},"end":{"line":763,"column":7}},"87":{"start":{"line":760,"column":8},"end":{"line":760,"column":20}},"88":{"start":{"line":761,"column":8},"end":{"line":761,"column":20}},"89":{"start":{"line":762,"column":8},"end":{"line":762,"column":30}},"90":{"start":{"line":765,"column":4},"end":{"line":765,"column":16}},"91":{"start":{"line":766,"column":4},"end":{"line":766,"column":16}},"92":{"start":{"line":769,"column":4},"end":{"line":769,"column":130}},"93":{"start":{"line":770,"column":4},"end":{"line":770,"column":26}},"94":{"start":{"line":773,"column":4},"end":{"line":773,"column":80}},"95":{"start":{"line":774,"column":4},"end":{"line":774,"column":126}},"96":{"start":{"line":775,"column":4},"end":{"line":775,"column":144}},"97":{"start":{"line":776,"column":4},"end":{"line":776,"column":152}},"98":{"start":{"line":777,"column":4},"end":{"line":777,"column":160}},"99":{"start":{"line":778,"column":4},"end":{"line":778,"column":158}},"100":{"start":{"line":779,"column":4},"end":{"line":779,"column":120}},"101":{"start":{"line":780,"column":4},"end":{"line":780,"column":128}},"102":{"start":{"line":781,"column":4},"end":{"line":781,"column":124}},"103":{"start":{"line":782,"column":4},"end":{"line":782,"column":181}},"104":{"start":{"line":783,"column":4},"end":{"line":783,"column":176}},"105":{"start":{"line":784,"column":4},"end":{"line":784,"column":199}},"106":{"start":{"line":785,"column":4},"end":{"line":785,"column":249}},"107":{"start":{"line":786,"column":4},"end":{"line":786,"column":162}},"108":{"start":{"line":787,"column":4},"end":{"line":787,"column":162}},"109":{"start":{"line":788,"column":4},"end":{"line":788,"column":26}},"110":{"start":{"line":791,"column":4},"end":{"line":791,"column":102}},"111":{"start":{"line":792,"column":4},"end":{"line":792,"column":58}},"112":{"start":{"line":795,"column":4},"end":{"line":795,"column":86}},"113":{"start":{"line":796,"column":4},"end":{"line":796,"column":58}},"114":{"start":{"line":799,"column":4},"end":{"line":799,"column":112}},"115":{"start":{"line":801,"column":4},"end":{"line":801,"column":107}},"116":{"start":{"line":802,"column":4},"end":{"line":802,"column":58}},"117":{"start":{"line":803,"column":4},"end":{"line":803,"column":107}},"118":{"start":{"line":804,"column":4},"end":{"line":804,"column":58}},"119":{"start":{"line":805,"column":4},"end":{"line":805,"column":107}},"120":{"start":{"line":806,"column":4},"end":{"line":806,"column":58}},"121":{"start":{"line":807,"column":4},"end":{"line":807,"column":107}},"122":{"start":{"line":808,"column":4},"end":{"line":808,"column":58}},"123":{"start":{"line":809,"column":4},"end":{"line":809,"column":107}},"124":{"start":{"line":810,"column":4},"end":{"line":810,"column":58}},"125":{"start":{"line":811,"column":4},"end":{"line":811,"column":123}},"126":{"start":{"line":812,"column":4},"end":{"line":812,"column":58}},"127":{"start":{"line":813,"column":4},"end":{"line":813,"column":107}},"128":{"start":{"line":814,"column":4},"end":{"line":814,"column":58}},"129":{"start":{"line":815,"column":4},"end":{"line":815,"column":107}},"130":{"start":{"line":816,"column":4},"end":{"line":816,"column":58}},"131":{"start":{"line":817,"column":4},"end":{"line":817,"column":107}},"132":{"start":{"line":819,"column":4},"end":{"line":819,"column":14}},"133":{"start":{"line":820,"column":4},"end":{"line":823,"column":7}},"134":{"start":{"line":821,"column":8},"end":{"line":821,"column":55}},"135":{"start":{"line":821,"column":34},"end":{"line":821,"column":53}},"136":{"start":{"line":822,"column":8},"end":{"line":822,"column":35}},"137":{"start":{"line":830,"column":19},"end":{"line":830,"column":25}},"138":{"start":{"line":831,"column":4},"end":{"line":831,"column":94}},"139":{"start":{"line":833,"column":15},"end":{"line":833,"column":50}},"140":{"start":{"line":834,"column":21},"end":{"line":834,"column":66}},"141":{"start":{"line":835,"column":23},"end":{"line":835,"column":61}},"142":{"start":{"line":836,"column":23},"end":{"line":836,"column":59}},"143":{"start":{"line":837,"column":26},"end":{"line":837,"column":61}},"144":{"start":{"line":838,"column":22},"end":{"line":838,"column":67}},"145":{"start":{"line":839,"column":21},"end":{"line":839,"column":69}},"146":{"start":{"line":840,"column":24},"end":{"line":840,"column":69}},"147":{"start":{"line":841,"column":27},"end":{"line":841,"column":70}},"148":{"start":{"line":842,"column":23},"end":{"line":842,"column":61}},"149":{"start":{"line":843,"column":16},"end":{"line":843,"column":47}},"150":{"start":{"line":844,"column":20},"end":{"line":844,"column":63}},"151":{"start":{"line":847,"column":4},"end":{"line":847,"column":82}},"152":{"start":{"line":848,"column":4},"end":{"line":861,"column":5}},"153":{"start":{"line":849,"column":29},"end":{"line":857,"column":9}},"154":{"start":{"line":851,"column":64},"end":{"line":856,"column":13}},"155":{"start":{"line":858,"column":8},"end":{"line":858,"column":165}},"156":{"start":{"line":860,"column":8},"end":{"line":860,"column":115}},"157":{"start":{"line":862,"column":4},"end":{"line":862,"column":19}},"158":{"start":{"line":864,"column":4},"end":{"line":864,"column":75}},"159":{"start":{"line":865,"column":4},"end":{"line":865,"column":158}},"160":{"start":{"line":866,"column":4},"end":{"line":866,"column":158}},"161":{"start":{"line":869,"column":4},"end":{"line":869,"column":74}},"162":{"start":{"line":870,"column":4},"end":{"line":884,"column":5}},"163":{"start":{"line":871,"column":24},"end":{"line":871,"column":44}},"164":{"start":{"line":872,"column":24},"end":{"line":872,"column":64}},"165":{"start":{"line":873,"column":34},"end":{"line":880,"column":9}},"166":{"start":{"line":881,"column":8},"end":{"line":881,"column":181}},"167":{"start":{"line":883,"column":8},"end":{"line":883,"column":108}},"168":{"start":{"line":885,"column":4},"end":{"line":885,"column":18}},"169":{"start":{"line":887,"column":4},"end":{"line":887,"column":88}},"170":{"start":{"line":888,"column":5},"end":{"line":902,"column":5}},"171":{"start":{"line":889,"column":27},"end":{"line":889,"column":48}},"172":{"start":{"line":890,"column":28},"end":{"line":890,"column":66}},"173":{"start":{"line":891,"column":32},"end":{"line":898,"column":9}},"174":{"start":{"line":899,"column":8},"end":{"line":899,"column":179}},"175":{"start":{"line":901,"column":8},"end":{"line":901,"column":106}},"176":{"start":{"line":903,"column":4},"end":{"line":903,"column":18}},"177":{"start":{"line":905,"column":4},"end":{"line":905,"column":104}},"178":{"start":{"line":906,"column":4},"end":{"line":924,"column":5}},"179":{"start":{"line":907,"column":22},"end":{"line":907,"column":41}},"180":{"start":{"line":908,"column":22},"end":{"line":908,"column":39}},"181":{"start":{"line":909,"column":30},"end":{"line":909,"column":78}},"182":{"start":{"line":910,"column":31},"end":{"line":920,"column":9}},"183":{"start":{"line":921,"column":8},"end":{"line":921,"column":170}},"184":{"start":{"line":923,"column":9},"end":{"line":923,"column":134}},"185":{"start":{"line":925,"column":4},"end":{"line":925,"column":18}},"186":{"start":{"line":927,"column":4},"end":{"line":927,"column":102}},"187":{"start":{"line":928,"column":4},"end":{"line":944,"column":5}},"188":{"start":{"line":929,"column":22},"end":{"line":929,"column":46}},"189":{"start":{"line":930,"column":20},"end":{"line":930,"column":33}},"190":{"start":{"line":931,"column":29},"end":{"line":931,"column":79}},"191":{"start":{"line":932,"column":30},"end":{"line":940,"column":9}},"192":{"start":{"line":941,"column":8},"end":{"line":941,"column":169}},"193":{"start":{"line":943,"column":8},"end":{"line":943,"column":120}},"194":{"start":{"line":945,"column":4},"end":{"line":945,"column":18}},"195":{"start":{"line":947,"column":4},"end":{"line":947,"column":114}},"196":{"start":{"line":949,"column":23},"end":{"line":949,"column":98}},"197":{"start":{"line":950,"column":26},"end":{"line":956,"column":5}},"198":{"start":{"line":957,"column":4},"end":{"line":957,"column":169}},"199":{"start":{"line":958,"column":4},"end":{"line":958,"column":18}},"200":{"start":{"line":960,"column":4},"end":{"line":960,"column":140}},"201":{"start":{"line":961,"column":26},"end":{"line":961,"column":61}},"202":{"start":{"line":962,"column":31},"end":{"line":970,"column":5}},"203":{"start":{"line":971,"column":4},"end":{"line":971,"column":170}},"204":{"start":{"line":972,"column":4},"end":{"line":972,"column":18}},"205":{"start":{"line":974,"colum
[...]
:265,"column":12},"end":{"line":271,"column":13}},"type":"if","locations":[{"start":{"line":265,"column":12},"end":{"line":271,"column":13}},{"start":{},"end":{}}],"line":265},"33":{"loc":{"start":{"line":266,"column":16},"end":{"line":270,"column":17}},"type":"if","locations":[{"start":{"line":266,"column":16},"end":{"line":270,"column":17}},{"start":{"line":268,"column":23},"end":{"line":270,"column":17}}],"line":266},"34":{"loc":{"start":{"line":272,"column":12},"end":{"line":274,"column":13}},"type":"if","locations":[{"start":{"line":272,"column":12},"end":{"line":274,"column":13}},{"start":{},"end":{}}],"line":272},"35":{"loc":{"start":{"line":277,"column":12},"end":{"line":279,"column":13}},"type":"if","locations":[{"start":{"line":277,"column":12},"end":{"line":279,"column":13}},{"start":{},"end":{}}],"line":277},"36":{"loc":{"start":{"line":281,"column":11},"end":{"line":287,"column":5}},"type":"if","locations":[{"start":{"line":281,"column":11},"end":{"line":287,"column":5}},{"start":{},"end":{}}],"line":281},"37":{"loc":{"start":{"line":281,"column":15},"end":{"line":281,"column":81}},"type":"binary-expr","locations":[{"start":{"line":281,"column":15},"end":{"line":281,"column":39}},{"start":{"line":281,"column":43},"end":{"line":281,"column":81}}],"line":281},"38":{"loc":{"start":{"line":284,"column":8},"end":{"line":286,"column":9}},"type":"if","locations":[{"start":{"line":284,"column":8},"end":{"line":286,"column":9}},{"start":{},"end":{}}],"line":284},"39":{"loc":{"start":{"line":306,"column":4},"end":{"line":308,"column":5}},"type":"if","locations":[{"start":{"line":306,"column":4},"end":{"line":308,"column":5}},{"start":{},"end":{}}],"line":306},"40":{"loc":{"start":{"line":323,"column":8},"end":{"line":325,"column":9}},"type":"if","locations":[{"start":{"line":323,"column":8},"end":{"line":325,"column":9}},{"start":{},"end":{}}],"line":323},"41":{"loc":{"start":{"line":329,"column":8},"end":{"line":331,"column":9}},"type":"if","locations":[{"start":{"line":329,"column":8},"end":{"line":331,"column":9}},{"start":{},"end":{}}],"line":329},"42":{"loc":{"start":{"line":375,"column":8},"end":{"line":413,"column":9}},"type":"if","locations":[{"start":{"line":375,"column":8},"end":{"line":413,"column":9}},{"start":{},"end":{}}],"line":375},"43":{"loc":{"start":{"line":381,"column":16},"end":{"line":383,"column":17}},"type":"if","locations":[{"start":{"line":381,"column":16},"end":{"line":383,"column":17}},{"start":{},"end":{}}],"line":381},"44":{"loc":{"start":{"line":389,"column":16},"end":{"line":391,"column":17}},"type":"if","locations":[{"start":{"line":389,"column":16},"end":{"line":391,"column":17}},{"start":{},"end":{}}],"line":389},"45":{"loc":{"start":{"line":428,"column":4},"end":{"line":430,"column":5}},"type":"if","locations":[{"start":{"line":428,"column":4},"end":{"line":430,"column":5}},{"start":{},"end":{}}],"line":428},"46":{"loc":{"start":{"line":428,"column":8},"end":{"line":428,"column":31}},"type":"binary-expr","locations":[{"start":{"line":428,"column":8},"end":{"line":428,"column":16}},{"start":{"line":428,"column":20},"end":{"line":428,"column":31}}],"line":428},"47":{"loc":{"start":{"line":436,"column":4},"end":{"line":438,"column":5}},"type":"if","locations":[{"start":{"line":436,"column":4},"end":{"line":438,"column":5}},{"start":{},"end":{}}],"line":436},"48":{"loc":{"start":{"line":436,"column":8},"end":{"line":436,"column":46}},"type":"binary-expr","locations":[{"start":{"line":436,"column":8},"end":{"line":436,"column":23}},{"start":{"line":436,"column":27},"end":{"line":436,"column":46}}],"line":436},"49":{"loc":{"start":{"line":447,"column":8},"end":{"line":476,"column":9}},"type":"if","locations":[{"start":{"line":447,"column":8},"end":{"line":476,"column":9}},{"start":{},"end":{}}],"line":447},"50":{"loc":{"start":{"line":452,"column":12},"end":{"line":475,"column":13}},"type":"if","locations":[{"start":{"line":452,"column":12},"end":{"line":475,"column":13}},{"start":{"line":468,"column":19},"end":{"line":475,"column":13}}],"line":452},"51":{"loc":{"start":{"line":452,"column":16},"end":{"line":452,"column":77}},"type":"binary-expr","locations":[{"start":{"line":452,"column":16},"end":{"line":452,"column":47}},{"start":{"line":452,"column":51},"end":{"line":452,"column":77}}],"line":452},"52":{"loc":{"start":{"line":495,"column":8},"end":{"line":508,"column":9}},"type":"if","locations":[{"start":{"line":495,"column":8},"end":{"line":508,"column":9}},{"start":{},"end":{}}],"line":495},"53":{"loc":{"start":{"line":499,"column":12},"end":{"line":507,"column":13}},"type":"if","locations":[{"start":{"line":499,"column":12},"end":{"line":507,"column":13}},{"start":{"line":503,"column":19},"end":{"line":507,"column":13}}],"line":499},"54":{"loc":{"start":{"line":522,"column":4},"end":{"line":524,"column":5}},"type":"if","locations":[{"start":{"line":522,"column":4},"end":{"line":524,"column":5}},{"start":{},"end":{}}],"line":522},"55":{"loc":{"start":{"line":522,"column":8},"end":{"line":522,"column":31}},"type":"binary-expr","locations":[{"start":{"line":522,"column":8},"end":{"line":522,"column":16}},{"start":{"line":522,"column":20},"end":{"line":522,"column":31}}],"line":522},"56":{"loc":{"start":{"line":526,"column":4},"end":{"line":528,"column":5}},"type":"if","locations":[{"start":{"line":526,"column":4},"end":{"line":528,"column":5}},{"start":{},"end":{}}],"line":526},"57":{"loc":{"start":{"line":569,"column":8},"end":{"line":571,"column":9}},"type":"if","locations":[{"start":{"line":569,"column":8},"end":{"line":571,"column":9}},{"start":{},"end":{}}],"line":569}},"s":{"0":1,"1":1,"2":1,"3":1,"4":1,"5":1,"6":1,"7":1,"8":1,"9":1,"10":0,"11":0,"12":0,"13":0,"14":0,"15":0,"16":0,"17":0,"18":0,"19":1,"20":0,"21":0,"22":0,"23":0,"24":0,"25":0,"26":0,"27":0,"28":0,"29":0,"30":0,"31":0,"32":0,"33":0,"34":0,"35":0,"36":0,"37":0,"38":0,"39":0,"40":0,"41":0,"42":0,"43":0,"44":0,"45":0,"46":0,"47":0,"48":0,"49":0,"50":0,"51":1,"52":0,"53":0,"54":0,"55":0,"56":0,"57":0,"58":0,"59":0,"60":0,"61":0,"62":0,"63":0,"64":0,"65":0,"66":0,"67":0,"68":0,"69":0,"70":0,"71":0,"72":0,"73":0,"74":0,"75":0,"76":0,"77":0,"78":0,"79":0,"80":0,"81":0,"82":0,"83":0,"84":0,"85":0,"86":0,"87":0,"88":0,"89":0,"90":0,"91":0,"92":0,"93":0,"94":0,"95":0,"96":0,"97":0,"98":0,"99":0,"100":0,"101":0,"102":0,"103":0,"104":0,"105":0,"106":0,"107":0,"108":0,"109":0,"110":0,"111":0,"112":0,"113":0,"114":0,"115":0,"116":0,"117":0,"118":0,"119":0,"120":0,"121":0,"122":0,"123":0,"124":0,"125":0,"126":0,"127":0,"128":0,"129":0,"130":0,"131":0,"132":0,"133":0,"134":0,"135":0,"136":0,"137":0,"138":0,"139":1,"140":0,"141":0,"142":0,"143":0,"144":0,"145":0,"146":0,"147":0,"148":0,"149":0,"150":0,"151":0,"152":0,"153":0,"154":0,"155":0,"156":0,"157":0,"158":0,"159":0,"160":0,"161":0,"162":0,"163":0,"164":0,"165":0,"166":1,"167":0,"168":0,"169":0,"170":0,"171":0,"172":0,"173":0,"174":0,"175":0,"176":0,"177":0,"178":0,"179":0,"180":0,"181":0,"182":0,"183":0,"184":0,"185":0,"186":0,"187":0,"188":0,"189":0,"190":1,"191":0,"192":0,"193":0,"194":0,"195":0,"196":0,"197":0,"198":0,"199":0,"200":0,"201":0,"202":0,"203":0,"204":0,"205":0,"206":0,"207":0,"208":0,"209":0,"210":0,"211":0,"212":0,"213":0,"214":0,"215":0,"216":0,"217":0,"218":0,"219":0,"220":0,"221":0,"222":0,"223":0,"224":0,"225":1,"226":0,"227":0,"228":0,"229":0,"230":0,"231":0,"232":0,"233":0,"234":0,"235":0,"236":0,"237":0,"238":0,"239":0,"240":0,"241":1},"f":{"0":0,"1":0,"2":0,"3":0,"4":0,"5":0,"6":0},"b":{"0":[0,0],"1":[0,0],"2":[0,0],"3":[0,0],"4":[0,0],"5":[0,0],"6":[0,0],"7":[0,0],"8":[0,0],"9":[0,0],"10":[0,0],"11":[0,0],"12":[0,0],"13":[0,0],"14":[0,0],"15":[0,0],"16":[0,0],"17":[0,0],"18":[0,0],"19":[0,0],"20":[0,0],"21":[0,0],"22":[0,0],"23":[0,0],"24":[0,0],"25":[0,0],"26":[0,0],"27":[0,0],"28":[0,0],"29":[0,0],"30":[0,0],"31":[0,0],"32":[0,0],"33":[0,0],"34":[0,0],"35":[0,0],"36":[0,0],"37":[0,0],"38":[0,0],"39":[0,0],"40":[0,0],"41":[0,0],"42":[0,0],"43":[0,0],"44":[0,0],"45":[0,0],"46":[0,0],"47":[0,0],"48":[0,0],"49":[0,0],"50":[0,0],"51":[0,0],"52":[0,0],"53":[0,0],"54":[0,0],"55":[0,0],"56":[0,0],"57":[0,0]},"_coverageSchema":"1a1c01bbd47fc00a2c39e90264f33305004495a9","hash":"fe5335286bf9da6a1537ffb2b5b4393dc85bb760"}
,"C:\\Users\\USER\\ESG_Calculator\\brsr_backend\\server.js": {"path":"C:\\Users\\USER\\ESG_Calculator\\brsr_backend\\server.js","statementMap":{"0":{"start":{"line":2,"column":0},"end":{"line":2,"column":27}},"1":{"start":{"line":3,"column":16},"end":{"line":3,"column":34}},"2":{"start":{"line":4,"column":13},"end":{"line":4,"column":28}},"3":{"start":{"line":6,"column":19},"end":{"line":6,"column":42}},"4":{"start":{"line":7,"column":22},"end":{"line":7,"column":48}},"5":{"start":{"line":8,"column":21},"end":{"line":8,"column":46}},"6":{"start":{"line":9,"column":23},"end":{"line":9,"column":50}},"7":{"start":{"line":11,"column":12},"end":{"line":11,"column":21}},"8":{"start":{"line":12,"column":13},"end":{"line":12,"column":37}},"9":{"start":{"line":14,"column":0},"end":{"line":14,"column":51}},"10":{"start":{"line":15,"column":0},"end":{"line":15,"column":24}},"11":{"start":{"line":17,"column":0},"end":{"line":17,"column":33}},"12":{"start":{"line":18,"column":0},"end":{"line":18,"column":39}},"13":{"start":{"line":19,"column":0},"end":{"line":19,"column":38}},"14":{"start":{"line":22,"column":0},"end":{"line":26,"column":3}},"15":{"start":{"line":25,"column":4},"end":{"line":25,"column":92}},"16":{"start":{"line":28,"column":0},"end":{"line":30,"column":3}},"17":{"start":{"line":29,"column":4},"end":{"line":29,"column":49}},"18":{"start":{"line":32,"column":0},"end":{"line":34,"column":3}},"19":{"start":{"line":33,"column":4},"end":{"line":33,"column":60}},"20":{"start":{"line":36,"column":0},"end":{"line":36,"column":21}}},"fnMap":{"0":{"name":"(anonymous_0)","decl":{"start":{"line":22,"column":48},"end":{"line":22,"column":49}},"loc":{"start":{"line":22,"column":68},"end":{"line":26,"column":1}},"line":22},"1":{"name":"(anonymous_1)","decl":{"start":{"line":28,"column":21},"end":{"line":28,"column":22}},"loc":{"start":{"line":28,"column":35},"end":{"line":30,"column":1}},"line":28},"2":{"name":"(anonymous_2)","decl":{"start":{"line":32,"column":17},"end":{"line":32,"column":18}},"loc":{"start":{"line":32,"column":23},"end":{"line":34,"column":1}},"line":32}},"branchMap":{"0":{"loc":{"start":{"line":12,"column":13},"end":{"line":12,"column":37}},"type":"binary-expr","locations":[{"start":{"line":12,"column":13},"end":{"line":12,"column":29}},{"start":{"line":12,"column":33},"end":{"line":12,"column":37}}],"line":12}},"s":{"0":1,"1":1,"2":1,"3":1,"4":1,"5":1,"6":1,"7":1,"8":1,"9":1,"10":1,"11":1,"12":1,"13":1,"14":1,"15":0,"16":1,"17":0,"18":1,"19":1,"20":1},"f":{"0":0,"1":0,"2":1},"b":{"0":[1,0]},"_coverageSchema":"1a1c01bbd47fc00a2c39e90264f33305004495a9","hash":"4a5df79802a75b30670dcdcf31333b2950070bf7"}
,"C:\\Users\\USER\\ESG_Calculator\\brsr_backend\\testPdfCalculations.js": {"path":"C:\\Users\\USER\\ESG_Calculator\\brsr_backend\\testPdfCalculations.js","statementMap":{"0":{"start":{"line":2,"column":35},"end":{"line":2,"column":60}},"1":{"start":{"line":5,"column":25},"end":{"line":57,"column":1}},"2":{"start":{"line":60,"column":0},"end":{"line":60,"column":58}},"3":{"start":{"line":61,"column":23},"end":{"line":61,"column":63}},"4":{"start":{"line":62,"column":0},"end":{"line":62,"column":53}},"5":{"start":{"line":65,"column":0},"end":{"line":65,"column":50}},"6":{"start":{"line":68,"column":17},"end":{"line":71,"column":79}},"7":{"start":{"line":73,"column":0},"end":{"line":73,"column":110}},"8":{"start":{"line":76,"column":19},"end":{"line":80,"column":84}},"9":{"start":{"line":82,"column":0},"end":{"line":82,"column":126}},"10":{"start":{"line":85,"column":20},"end":{"line":87,"column":94}},"11":{"start":{"line":89,"column":0},"end":{"line":89,"column":130}},"12":{"start":{"line":92,"column":22},"end":{"line":93,"column":114}},"13":{"start":{"line":95,"column":0},"end":{"line":95,"column":133}},"14":{"start":{"line":97,"column":0},"end":{"line":97,"column":33}}},"fnMap":{},"branchMap":{},"s":{"0":0,"1":0,"2":0,"3":0,"4":0,"5":0,"6":0,"7":0,"8":0,"9":0,"10":0,"11":0,"12":0,"13":0,"14":0},"f":{},"b":{}}
,"C:\\Users\\USER\\ESG_Calculator\\brsr_backend\\test_auth.js": {"path":"C:\\Users\\USER\\ESG_Calculator\\brsr_backend\\test_auth.js","statementMap":{"0":{"start":{"line":2,"column":14},"end":{"line":2,"column":30}},"1":{"start":{"line":5,"column":16},"end":{"line":5,"column":48}},"2":{"start":{"line":6,"column":18},"end":{"line":43,"column":1}},"3":{"start":{"line":47,"column":2},"end":{"line":47,"column":58}},"4":{"start":{"line":52,"column":2},"end":{"line":52,"column":74}},"5":{"start":{"line":53,"column":22},"end":{"line":53,"column":64}},"6":{"start":{"line":54,"column":27},"end":{"line":93,"column":3}},"7":{"start":{"line":95,"column":2},"end":{"line":95,"column":105}},"8":{"start":{"line":97,"column":2},"end":{"line":116,"column":3}},"9":{"start":{"line":99,"column":21},"end":{"line":99,"column":78}},"10":{"start":{"line":101,"column":4},"end":{"line":101,"column":89}},"11":{"start":{"line":102,"column":4},"end":{"line":102,"column":25}},"12":{"start":{"line":104,"column":4},"end":{"line":104,"column":71}},"13":{"start":{"line":105,"column":4},"end":{"line":113,"column":5}},"14":{"start":{"line":106,"column":6},"end":{"line":106,"column":54}},"15":{"start":{"line":107,"column":6},"end":{"line":107,"column":75}},"16":{"start":{"line":108,"column":6},"end":{"line":108,"column":81}},"17":{"start":{"line":109,"column":11},"end":{"line":113,"column":5}},"18":{"start":{"line":110,"column":6},"end":{"line":110,"column":52}},"19":{"start":{"line":112,"column":6},"end":{"line":112,"column":53}},"20":{"start":{"line":114,"column":4},"end":{"line":114,"column":68}},"21":{"start":{"line":115,"column":4},"end":{"line":115,"column":16}},"22":{"start":{"line":121,"column":2},"end":{"line":121,"column":37}},"23":{"start":{"line":123,"column":2},"end":{"line":157,"column":3}},"24":{"start":{"line":125,"column":26},"end":{"line":128,"column":6}},"25":{"start":{"line":130,"column":4},"end":{"line":148,"column":5}},"26":{"start":{"line":131,"column":6},"end":{"line":131,"column":39}},"27":{"start":{"line":132,"column":6},"end":{"line":132,"column":63}},"28":{"start":{"line":135,"column":20},"end":{"line":137,"column":51}},"29":{"start":{"line":139,"column":6},"end":{"line":144,"column":7}},"30":{"start":{"line":141,"column":8},"end":{"line":141,"column":40}},"31":{"start":{"line":143,"column":8},"end":{"line":143,"column":59}},"32":{"start":{"line":146,"column":6},"end":{"line":146,"column":71}},"33":{"start":{"line":147,"column":6},"end":{"line":147,"column":38}},"34":{"start":{"line":150,"column":4},"end":{"line":150,"column":32}},"35":{"start":{"line":151,"column":4},"end":{"line":156,"column":5}},"36":{"start":{"line":152,"column":6},"end":{"line":152,"column":54}},"37":{"start":{"line":153,"column":6},"end":{"line":153,"column":39}},"38":{"start":{"line":155,"column":6},"end":{"line":155,"column":33}},"39":{"start":{"line":162,"column":2},"end":{"line":162,"column":48}},"40":{"start":{"line":164,"column":2},"end":{"line":186,"column":3}},"41":{"start":{"line":165,"column":28},"end":{"line":169,"column":6}},"42":{"start":{"line":171,"column":4},"end":{"line":177,"column":5}},"43":{"start":{"line":172,"column":6},"end":{"line":172,"column":60}},"44":{"start":{"line":173,"column":6},"end":{"line":173,"column":65}},"45":{"start":{"line":175,"column":6},"end":{"line":175,"column":90}},"46":{"start":{"line":176,"column":6},"end":{"line":176,"column":40}},"47":{"start":{"line":179,"column":4},"end":{"line":179,"column":49}},"48":{"start":{"line":180,"column":4},"end":{"line":185,"column":5}},"49":{"start":{"line":181,"column":6},"end":{"line":181,"column":54}},"50":{"start":{"line":182,"column":6},"end":{"line":182,"column":39}},"51":{"start":{"line":184,"column":6},"end":{"line":184,"column":33}},"52":{"start":{"line":190,"column":0},"end":{"line":190,"column":49}},"53":{"start":{"line":191,"column":0},"end":{"line":198,"column":5}},"54":{"start":{"line":193,"column":4},"end":{"line":193,"column":34}},"55":{"start":{"line":196,"column":4},"end":{"line":196,"column":43}},"56":{"start":{"line":197,"column":4},"end":{"line":197,"column":25}}},"fnMap":{"0":{"name":"logWithTime","decl":{"start":{"line":46,"column":9},"end":{"line":46,"column":20}},"loc":{"start":{"line":46,"column":30},"end":{"line":48,"column":1}},"line":46},"1":{"name":"testRegistration","decl":{"start":{"line":51,"column":15},"end":{"line":51,"column":31}},"loc":{"start":{"line":51,"column":34},"end":{"line":117,"column":1}},"line":51},"2":{"name":"testLogin","decl":{"start":{"line":120,"column":15},"end":{"line":120,"column":24}},"loc":{"start":{"line":120,"column":27},"end":{"line":158,"column":1}},"line":120},"3":{"name":"testProtectedRoute","decl":{"start":{"line":161,"column":15},"end":{"line":161,"column":33}},"loc":{"start":{"line":161,"column":41},"end":{"line":187,"column":1}},"line":161},"4":{"name":"(anonymous_4)","decl":{"start":{"line":192,"column":8},"end":{"line":192,"column":9}},"loc":{"start":{"line":192,"column":14},"end":{"line":194,"column":3}},"line":192},"5":{"name":"(anonymous_5)","decl":{"start":{"line":195,"column":9},"end":{"line":195,"column":10}},"loc":{"start":{"line":195,"column":18},"end":{"line":198,"column":3}},"line":195}},"branchMap":{"0":{"loc":{"start":{"line":105,"column":4},"end":{"line":113,"column":5}},"type":"if","locations":[{"start":{"line":105,"column":4},"end":{"line":113,"column":5}},{"start":{"line":109,"column":11},"end":{"line":113,"column":5}}],"line":105},"1":{"loc":{"start":{"line":109,"column":11},"end":{"line":113,"column":5}},"type":"if","locations":[{"start":{"line":109,"column":11},"end":{"line":113,"column":5}},{"start":{"line":111,"column":11},"end":{"line":113,"column":5}}],"line":109},"2":{"loc":{"start":{"line":130,"column":4},"end":{"line":148,"column":5}},"type":"if","locations":[{"start":{"line":130,"column":4},"end":{"line":148,"column":5}},{"start":{"line":145,"column":11},"end":{"line":148,"column":5}}],"line":130},"3":{"loc":{"start":{"line":135,"column":20},"end":{"line":137,"column":51}},"type":"binary-expr","locations":[{"start":{"line":135,"column":20},"end":{"line":135,"column":44}},{"start":{"line":136,"column":20},"end":{"line":136,"column":60}},{"start":{"line":137,"column":20},"end":{"line":137,"column":51}}],"line":135},"4":{"loc":{"start":{"line":139,"column":6},"end":{"line":144,"column":7}},"type":"if","locations":[{"start":{"line":139,"column":6},"end":{"line":144,"column":7}},{"start":{"line":142,"column":13},"end":{"line":144,"column":7}}],"line":139},"5":{"loc":{"start":{"line":151,"column":4},"end":{"line":156,"column":5}},"type":"if","locations":[{"start":{"line":151,"column":4},"end":{"line":156,"column":5}},{"start":{"line":154,"column":11},"end":{"line":156,"column":5}}],"line":151},"6":{"loc":{"start":{"line":171,"column":4},"end":{"line":177,"column":5}},"type":"if","locations":[{"start":{"line":171,"column":4},"end":{"line":177,"column":5}},{"start":{"line":174,"column":11},"end":{"line":177,"column":5}}],"line":171},"7":{"loc":{"start":{"line":180,"column":4},"end":{"line":185,"column":5}},"type":"if","locations":[{"start":{"line":180,"column":4},"end":{"line":185,"column":5}},{"start":{"line":183,"column":11},"end":{"line":185,"column":5}}],"line":180}},"s":{"0":0,"1":0,"2":0,"3":0,"4":0,"5":0,"6":0,"7":0,"8":0,"9":0,"10":0,"11":0,"12":0,"13":0,"14":0,"15":0,"16":0,"17":0,"18":0,"19":0,"20":0,"21":0,"22":0,"23":0,"24":0,"25":0,"26":0,"27":0,"28":0,"29":0,"30":0,"31":0,"32":0,"33":0,"34":0,"35":0,"36":0,"37":0,"38":0,"39":0,"40":0,"41":0,"42":0,"43":0,"44":0,"45":0,"46":0,"47":0,"48":0,"49":0,"50":0,"51":0,"52":0,"53":0,"54":0,"55":0,"56":0},"f":{"0":0,"1":0,"2":0,"3":0,"4":0,"5":0},"b":{"0":[0,0],"1":[0,0],"2":[0,0],"3":[0,0,0],"4":[0,0],"5":[0,0],"6":[0,0],"7":[0,0]}}
}
