TN:
SF:authMiddleware.js
FN:4,(anonymous_0)
FNF:1
FNH:1
FNDA:2,(anonymous_0)
DA:2,1
DA:4,1
DA:5,2
DA:7,2
DA:8,2
DA:11,0
DA:12,0
DA:13,0
DA:15,0
DA:17,0
DA:18,0
DA:21,0
DA:22,0
DA:24,0
DA:25,0
DA:26,0
DA:30,0
DA:31,0
DA:32,0
DA:34,0
DA:35,0
DA:39,0
DA:40,0
DA:41,0
DA:43,0
DA:44,0
DA:51,0
DA:52,0
DA:54,0
DA:55,0
DA:58,0
DA:60,0
DA:64,0
DA:66,0
DA:67,0
DA:71,1
LF:36
LH:6
BRDA:7,0,0,2
BRDA:7,0,1,0
BRDA:7,1,0,2
BRDA:7,1,1,0
BRDA:17,2,0,0
BRDA:17,2,1,0
BRDA:17,3,0,0
BRDA:17,3,1,0
BRDA:17,3,2,0
BRDA:24,4,0,0
BRDA:24,4,1,0
BRDA:24,5,0,0
BRDA:24,5,1,0
BRDA:24,5,2,0
BRDA:24,5,3,0
BRDA:51,6,0,0
BRDA:51,6,1,0
BRF:17
BRH:2
end_of_record
TN:
SF:authRoutes.js
FN:11,(anonymous_0)
FN:87,(anonymous_1)
FN:179,(anonymous_2)
FN:237,(anonymous_3)
FNF:4
FNH:0
FNDA:0,(anonymous_0)
FNDA:0,(anonymous_1)
FNDA:0,(anonymous_2)
FNDA:0,(anonymous_3)
DA:2,1
DA:3,1
DA:4,1
DA:6,1
DA:11,1
DA:32,0
DA:35,0
DA:36,0
DA:37,0
DA:40,0
DA:45,0
DA:46,0
DA:50,0
DA:51,0
DA:52,0
DA:53,0
DA:54,0
DA:56,0
DA:57,0
DA:58,0
DA:59,0
DA:62,0
DA:63,0
DA:66,0
DA:67,0
DA:75,0
DA:79,0
DA:80,0
DA:83,0
DA:85,0
DA:87,0
DA:89,0
DA:98,0
DA:105,0
DA:106,0
DA:109,0
DA:110,0
DA:111,0
DA:112,0
DA:113,0
DA:115,0
DA:116,0
DA:119,0
DA:120,0
DA:130,0
DA:146,0
DA:148,0
DA:155,0
DA:161,0
DA:164,0
DA:171,0
DA:172,0
DA:173,0
DA:175,0
DA:179,1
DA:202,0
DA:205,0
DA:206,0
DA:209,0
DA:211,0
DA:213,0
DA:219,0
DA:220,0
DA:222,0
DA:223,0
DA:225,0
DA:228,0
DA:229,0
DA:230,0
DA:232,0
DA:235,0
DA:237,0
DA:239,0
DA:249,0
DA:256,0
DA:257,0
DA:258,0
DA:261,0
DA:262,0
DA:264,0
DA:266,0
DA:267,0
DA:277,0
DA:293,0
DA:295,0
DA:301,0
DA:308,0
DA:310,0
DA:311,0
DA:312,0
DA:313,0
DA:315,0
DA:318,0
DA:322,1
LF:94
LH:7
BRDA:35,0,0,0
BRDA:35,0,1,0
BRDA:35,1,0,0
BRDA:35,1,1,0
BRDA:35,1,2,0
BRDA:35,1,3,0
BRDA:45,2,0,0
BRDA:45,2,1,0
BRDA:53,3,0,0
BRDA:53,3,1,0
BRDA:57,4,0,0
BRDA:57,4,1,0
BRDA:57,5,0,0
BRDA:57,5,1,0
BRDA:79,6,0,0
BRDA:79,6,1,0
BRDA:80,7,0,0
BRDA:80,7,1,0
BRDA:81,8,0,0
BRDA:81,8,1,0
BRDA:85,9,0,0
BRDA:85,9,1,0
BRDA:87,10,0,0
BRDA:87,10,1,0
BRDA:99,11,0,0
BRDA:99,11,1,0
BRDA:100,12,0,0
BRDA:100,12,1,0
BRDA:100,13,0,0
BRDA:100,13,1,0
BRDA:100,14,0,0
BRDA:100,14,1,0
BRDA:101,15,0,0
BRDA:101,15,1,0
BRDA:101,16,0,0
BRDA:101,16,1,0
BRDA:102,17,0,0
BRDA:102,17,1,0
BRDA:102,18,0,0
BRDA:102,18,1,0
BRDA:102,19,0,0
BRDA:102,19,1,0
BRDA:110,20,0,0
BRDA:110,20,1,0
BRDA:113,21,0,0
BRDA:113,21,1,0
BRDA:140,22,0,0
BRDA:140,22,1,0
BRDA:141,23,0,0
BRDA:141,23,1,0
BRDA:142,24,0,0
BRDA:142,24,1,0
BRDA:143,25,0,0
BRDA:143,25,1,0
BRDA:172,26,0,0
BRDA:172,26,1,0
BRDA:205,27,0,0
BRDA:205,27,1,0
BRDA:205,28,0,0
BRDA:205,28,1,0
BRDA:205,28,2,0
BRDA:205,28,3,0
BRDA:205,28,4,0
BRDA:219,29,0,0
BRDA:219,29,1,0
BRDA:222,30,0,0
BRDA:222,30,1,0
BRDA:225,31,0,0
BRDA:225,31,1,0
BRDA:228,32,0,0
BRDA:228,32,1,0
BRDA:228,33,0,0
BRDA:228,33,1,0
BRDA:235,34,0,0
BRDA:235,34,1,0
BRDA:237,35,0,0
BRDA:237,35,1,0
BRDA:262,36,0,0
BRDA:262,36,1,0
BRDA:287,37,0,0
BRDA:287,37,1,0
BRDA:288,38,0,0
BRDA:288,38,1,0
BRDA:289,39,0,0
BRDA:289,39,1,0
BRDA:290,40,0,0
BRDA:290,40,1,0
BRDA:310,41,0,0
BRDA:310,41,1,0
BRF:89
BRH:0
end_of_record
TN:
SF:calculateDerivedValues.js
FN:3,(anonymous_0)
FN:16,(anonymous_1)
FN:22,(anonymous_2)
FNF:3
FNH:0
FNDA:0,(anonymous_0)
FNDA:0,(anonymous_1)
FNDA:0,(anonymous_2)
DA:3,1
DA:4,0
DA:16,0
DA:17,0
DA:18,0
DA:22,0
DA:23,0
DA:24,0
DA:26,0
DA:30,0
DA:31,0
DA:32,0
DA:33,0
DA:34,0
DA:35,0
DA:36,0
DA:39,0
DA:40,0
DA:41,0
DA:42,0
DA:43,0
DA:46,0
DA:47,0
DA:48,0
DA:49,0
DA:50,0
DA:53,0
DA:54,0
DA:55,0
DA:56,0
DA:57,0
DA:60,0
DA:61,0
DA:62,0
DA:63,0
DA:64,0
DA:67,0
DA:68,0
DA:69,0
DA:70,0
DA:71,0
DA:73,0
DA:74,0
DA:75,0
DA:78,0
DA:79,0
DA:82,0
DA:85,0
DA:86,0
DA:88,0
DA:92,0
DA:93,0
DA:95,0
DA:99,0
DA:100,0
DA:101,0
DA:103,0
DA:106,0
DA:109,1
LF:59
LH:2
BRDA:18,0,0,0
BRDA:18,0,1,0
BRDA:22,1,0,0
BRDA:23,2,0,0
BRDA:23,2,1,0
BRDA:23,3,0,0
BRDA:23,3,1,0
BRDA:23,3,2,0
BRDA:30,4,0,0
BRDA:30,4,1,0
BRDA:31,5,0,0
BRDA:31,5,1,0
BRDA:32,6,0,0
BRDA:32,6,1,0
BRDA:33,7,0,0
BRDA:33,7,1,0
BRDA:34,8,0,0
BRDA:34,8,1,0
BRDA:35,9,0,0
BRDA:35,9,1,0
BRDA:36,10,0,0
BRDA:36,10,1,0
BRDA:78,11,0,0
BRDA:78,11,1,0
BRDA:85,12,0,0
BRDA:85,12,1,0
BRDA:85,13,0,0
BRDA:85,13,1,0
BRDA:92,14,0,0
BRDA:92,14,1,0
BRDA:92,15,0,0
BRDA:92,15,1,0
BRDA:100,16,0,0
BRDA:100,16,1,0
BRDA:100,17,0,0
BRDA:100,17,1,0
BRF:36
BRH:0
end_of_record
TN:
SF:companyRoutes.js
FN:14,(anonymous_0)
FN:76,(anonymous_1)
FN:113,(anonymous_2)
FN:131,(anonymous_3)
FN:131,(anonymous_4)
FN:179,(anonymous_5)
FNF:6
FNH:0
FNDA:0,(anonymous_0)
FNDA:0,(anonymous_1)
FNDA:0,(anonymous_2)
FNDA:0,(anonymous_3)
FNDA:0,(anonymous_4)
FNDA:0,(anonymous_5)
DA:1,1
DA:2,1
DA:3,1
DA:4,1
DA:5,1
DA:8,1
DA:14,1
DA:15,0
DA:17,0
DA:18,0
DA:19,0
DA:22,0
DA:24,0
DA:25,0
DA:35,0
DA:37,0
DA:38,0
DA:39,0
DA:41,0
DA:42,0
DA:54,0
DA:55,0
DA:67,0
DA:68,0
DA:70,0
DA:71,0
DA:76,1
DA:77,0
DA:91,0
DA:93,0
DA:94,0
DA:96,0
DA:99,0
DA:100,0
DA:103,0
DA:105,0
DA:106,0
DA:109,0
DA:110,0
DA:111,0
DA:113,0
DA:114,0
DA:115,0
DA:116,0
DA:120,0
DA:121,0
DA:122,0
DA:123,0
DA:124,0
DA:125,0
DA:127,0
DA:128,0
DA:131,0
DA:133,0
DA:136,0
DA:137,0
DA:138,0
DA:140,0
DA:141,0
DA:142,0
DA:148,0
DA:149,0
DA:153,0
DA:154,0
DA:166,0
DA:169,0
DA:171,0
DA:173,0
DA:175,0
DA:176,0
DA:177,0
DA:179,0
DA:180,0
DA:181,0
DA:182,0
DA:186,0
DA:187,0
DA:188,0
DA:189,0
DA:190,0
DA:191,0
DA:192,0
DA:193,0
DA:195,0
DA:196,0
DA:197,0
DA:198,0
DA:204,0
DA:205,0
DA:207,0
DA:209,0
DA:210,0
DA:211,0
DA:213,0
DA:215,0
DA:219,0
DA:220,0
DA:230,0
DA:241,0
DA:244,0
DA:247,0
DA:249,0
DA:259,0
DA:261,0
DA:267,0
DA:268,0
DA:269,0
DA:271,0
DA:275,1
LF:109
LH:9
BRDA:10,0,0,1
BRDA:10,0,1,1
BRDA:17,1,0,0
BRDA:17,1,1,0
BRDA:37,2,0,0
BRDA:37,2,1,0
BRDA:93,3,0,0
BRDA:93,3,1,0
BRDA:99,4,0,0
BRDA:99,4,1,0
BRDA:99,5,0,0
BRDA:99,5,1,0
BRDA:114,6,0,0
BRDA:114,6,1,0
BRDA:127,7,0,0
BRDA:127,7,1,0
BRDA:128,8,0,0
BRDA:128,8,1,0
BRDA:130,9,0,0
BRDA:130,9,1,0
BRDA:140,10,0,0
BRDA:140,10,1,0
BRDA:153,11,0,0
BRDA:153,11,1,0
BRDA:169,12,0,0
BRDA:169,12,1,0
BRDA:173,13,0,0
BRDA:173,13,1,0
BRDA:180,14,0,0
BRDA:180,14,1,0
BRDA:195,15,0,0
BRDA:195,15,1,0
BRDA:210,16,0,0
BRDA:210,16,1,0
BRF:34
BRH:2
end_of_record
TN:
SF:enhancedPdfCalculationsTest.js
FN:96,runTests
FN:105,verify
FN:105,(anonymous_2)
FN:281,(anonymous_3)
FNF:4
FNH:0
FNDA:0,runTests
FNDA:0,verify
FNDA:0,(anonymous_2)
FNDA:0,(anonymous_3)
DA:2,0
DA:5,0
DA:97,0
DA:98,0
DA:101,0
DA:102,0
DA:105,0
DA:106,0
DA:107,0
DA:108,0
DA:110,0
DA:112,0
DA:113,0
DA:117,0
DA:118,0
DA:121,0
DA:122,0
DA:123,0
DA:124,0
DA:125,0
DA:126,0
DA:127,0
DA:129,0
DA:130,0
DA:134,0
DA:135,0
DA:136,0
DA:137,0
DA:138,0
DA:139,0
DA:140,0
DA:142,0
DA:143,0
DA:147,0
DA:148,0
DA:149,0
DA:150,0
DA:151,0
DA:152,0
DA:153,0
DA:155,0
DA:156,0
DA:160,0
DA:161,0
DA:162,0
DA:163,0
DA:165,0
DA:166,0
DA:170,0
DA:171,0
DA:172,0
DA:173,0
DA:174,0
DA:175,0
DA:176,0
DA:178,0
DA:179,0
DA:182,0
DA:183,0
DA:186,0
DA:187,0
DA:191,0
DA:192,0
DA:195,0
DA:196,0
DA:199,0
DA:200,0
DA:201,0
DA:202,0
DA:203,0
DA:204,0
DA:205,0
DA:206,0
DA:209,0
DA:210,0
DA:211,0
DA:213,0
DA:214,0
DA:217,0
DA:218,0
DA:222,0
DA:223,0
DA:224,0
DA:225,0
DA:226,0
DA:227,0
DA:230,0
DA:231,0
DA:232,0
DA:234,0
DA:235,0
DA:238,0
DA:239,0
DA:243,0
DA:244,0
DA:247,0
DA:248,0
DA:249,0
DA:250,0
DA:251,0
DA:252,0
DA:254,0
DA:255,0
DA:259,0
DA:260,0
DA:261,0
DA:262,0
DA:263,0
DA:264,0
DA:266,0
DA:267,0
DA:270,0
DA:271,0
DA:275,0
DA:276,0
DA:277,0
DA:278,0
DA:280,0
DA:281,0
DA:282,0
DA:286,0
DA:289,0
LF:122
LH:0
BRDA:105,0,0,0
BRDA:108,1,0,0
BRDA:108,1,1,0
BRDA:112,2,0,0
BRDA:112,2,1,0
BRDA:121,3,0,0
BRDA:121,3,1,0
BRDA:121,4,0,0
BRDA:121,4,1,0
BRDA:134,5,0,0
BRDA:134,5,1,0
BRDA:134,6,0,0
BRDA:134,6,1,0
BRDA:147,7,0,0
BRDA:147,7,1,0
BRDA:147,8,0,0
BRDA:147,8,1,0
BRDA:160,9,0,0
BRDA:160,9,1,0
BRDA:160,10,0,0
BRDA:160,10,1,0
BRDA:170,11,0,0
BRDA:170,11,1,0
BRDA:170,12,0,0
BRDA:170,12,1,0
BRDA:186,13,0,0
BRDA:186,13,1,0
BRDA:186,14,0,0
BRDA:186,14,1,0
BRDA:199,15,0,0
BRDA:199,15,1,0
BRDA:199,16,0,0
BRDA:199,16,1,0
BRDA:199,16,2,0
BRDA:209,17,0,0
BRDA:209,17,1,0
BRDA:222,18,0,0
BRDA:222,18,1,0
BRDA:222,19,0,0
BRDA:222,19,1,0
BRDA:222,19,2,0
BRDA:230,20,0,0
BRDA:230,20,1,0
BRDA:243,21,0,0
BRDA:243,21,1,0
BRDA:243,22,0,0
BRDA:243,22,1,0
BRDA:243,22,2,0
BRDA:247,23,0,0
BRDA:247,23,1,0
BRDA:259,24,0,0
BRDA:259,24,1,0
BRDA:277,25,0,0
BRDA:277,25,1,0
BRF:54
BRH:0
end_of_record
TN:
SF:pdfGenerator.js
FN:7,checkAndAddPage
FN:17,drawTable
FN:28,(anonymous_2)
FN:36,(anonymous_3)
FN:46,(anonymous_4)
FN:52,(anonymous_5)
FN:65,(anonymous_6)
FN:78,(anonymous_7)
FN:88,(anonymous_8)
FN:101,renderKeyValue
FN:108,addSectionTitle
FN:116,addPrincipleTitle
FN:120,addSubHeading
FN:125,addRegularText
FN:731,generateBRSRPdf
FN:746,(anonymous_15)
FN:753,(anonymous_16)
FN:759,(anonymous_17)
FN:820,(anonymous_18)
FN:821,(anonymous_19)
FN:829,renderSectionA
FN:851,(anonymous_21)
FNF:22
FNH:0
FNDA:0,checkAndAddPage
FNDA:0,drawTable
FNDA:0,(anonymous_2)
FNDA:0,(anonymous_3)
FNDA:0,(anonymous_4)
FNDA:0,(anonymous_5)
FNDA:0,(anonymous_6)
FNDA:0,(anonymous_7)
FNDA:0,(anonymous_8)
FNDA:0,renderKeyValue
FNDA:0,addSectionTitle
FNDA:0,addPrincipleTitle
FNDA:0,addSubHeading
FNDA:0,addRegularText
FNDA:0,generateBRSRPdf
FNDA:0,(anonymous_15)
FNDA:0,(anonymous_16)
FNDA:0,(anonymous_17)
FNDA:0,(anonymous_18)
FNDA:0,(anonymous_19)
FNDA:0,renderSectionA
FNDA:0,(anonymous_21)
DA:2,1
DA:3,1
DA:4,1
DA:8,0
DA:9,0
DA:10,0
DA:12,0
DA:18,0
DA:19,0
DA:20,0
DA:21,0
DA:22,0
DA:23,0
DA:25,0
DA:28,0
DA:29,0
DA:35,0
DA:36,0
DA:37,0
DA:38,0
DA:39,0
DA:41,0
DA:43,0
DA:46,0
DA:47,0
DA:48,0
DA:50,0
DA:51,0
DA:52,0
DA:53,0
DA:54,0
DA:55,0
DA:57,0
DA:58,0
DA:62,0
DA:65,0
DA:66,0
DA:67,0
DA:69,0
DA:72,0
DA:73,0
DA:74,0
DA:76,0
DA:77,0
DA:78,0
DA:79,0
DA:80,0
DA:81,0
DA:83,0
DA:84,0
DA:87,0
DA:88,0
DA:89,0
DA:90,0
DA:91,0
DA:93,0
DA:95,0
DA:96,0
DA:102,0
DA:103,0
DA:104,0
DA:109,0
DA:110,0
DA:111,0
DA:112,0
DA:117,0
DA:118,0
DA:121,0
DA:122,0
DA:126,0
DA:127,0
DA:732,0
DA:733,0
DA:734,0
DA:739,0
DA:741,0
DA:742,0
DA:743,0
DA:746,0
DA:747,0
DA:749,0
DA:753,0
DA:754,0
DA:755,0
DA:759,0
DA:760,0
DA:761,0
DA:762,0
DA:765,0
DA:766,0
DA:769,0
DA:770,0
DA:773,0
DA:774,0
DA:775,0
DA:776,0
DA:777,0
DA:778,0
DA:779,0
DA:780,0
DA:781,0
DA:782,0
DA:783,0
DA:784,0
DA:785,0
DA:786,0
DA:787,0
DA:788,0
DA:791,0
DA:792,0
DA:795,0
DA:796,0
DA:799,0
DA:801,0
DA:802,0
DA:803,0
DA:804,0
DA:805,0
DA:806,0
DA:807,0
DA:808,0
DA:809,0
DA:810,0
DA:811,0
DA:812,0
DA:813,0
DA:814,0
DA:815,0
DA:816,0
DA:817,0
DA:819,0
DA:820,0
DA:821,0
DA:822,0
DA:830,0
DA:831,0
DA:833,0
DA:834,0
DA:835,0
DA:836,0
DA:837,0
DA:838,0
DA:839,0
DA:840,0
DA:841,0
DA:842,0
DA:843,0
DA:844,0
DA:847,0
DA:848,0
DA:849,0
DA:851,0
DA:858,0
DA:860,0
DA:862,0
DA:864,0
DA:865,0
DA:866,0
DA:869,0
DA:870,0
DA:871,0
DA:872,0
DA:873,0
DA:881,0
DA:883,0
DA:885,0
DA:887,0
DA:888,0
DA:889,0
DA:890,0
DA:891,0
DA:899,0
DA:901,0
DA:903,0
DA:905,0
DA:906,0
DA:907,0
DA:908,0
DA:909,0
DA:910,0
DA:921,0
DA:923,0
DA:925,0
DA:927,0
DA:928,0
DA:929,0
DA:930,0
DA:931,0
DA:932,0
DA:941,0
DA:943,0
DA:945,0
DA:947,0
DA:949,0
DA:950,0
DA:957,0
DA:958,0
DA:960,0
DA:961,0
DA:962,0
DA:971,0
DA:972,0
DA:974,0
DA:975,0
DA:976,0
DA:977,0
DA:978,0
DA:980,0
DA:981,0
DA:982,0
DA:983,0
DA:985,0
DA:988,1
LF:213
LH:4
BRDA:7,0,0,0
BRDA:8,1,0,0
BRDA:8,1,1,0
BRDA:17,2,0,0
BRDA:19,3,0,0
BRDA:19,3,1,0
BRDA:20,4,0,0
BRDA:20,4,1,0
BRDA:21,5,0,0
BRDA:21,5,1,0
BRDA:22,6,0,0
BRDA:22,6,1,0
BRDA:23,7,0,0
BRDA:23,7,1,0
BRDA:29,8,0,0
BRDA:29,8,1,0
BRDA:29,9,0,0
BRDA:29,9,1,0
BRDA:48,10,0,0
BRDA:48,10,1,0
BRDA:48,11,0,0
BRDA:48,11,1,0
BRDA:67,12,0,0
BRDA:67,12,1,0
BRDA:69,13,0,0
BRDA:69,13,1,0
BRDA:73,14,0,0
BRDA:73,14,1,0
BRDA:73,15,0,0
BRDA:73,15,1,0
BRDA:90,16,0,0
BRDA:90,16,1,0
BRDA:90,17,0,0
BRDA:90,17,1,0
BRDA:101,18,0,0
BRDA:101,19,0,0
BRDA:103,20,0,0
BRDA:103,20,1,0
BRDA:103,21,0,0
BRDA:103,21,1,0
BRDA:125,22,0,0
BRDA:748,23,0,0
BRDA:748,23,1,0
BRDA:748,24,0,0
BRDA:748,24,1,0
BRDA:774,25,0,0
BRDA:774,25,1,0
BRDA:775,26,0,0
BRDA:775,26,1,0
BRDA:776,27,0,0
BRDA:776,27,1,0
BRDA:777,28,0,0
BRDA:777,28,1,0
BRDA:778,29,0,0
BRDA:778,29,1,0
BRDA:779,30,0,0
BRDA:779,30,1,0
BRDA:780,31,0,0
BRDA:780,31,1,0
BRDA:781,32,0,0
BRDA:781,32,1,0
BRDA:782,33,0,0
BRDA:782,33,1,0
BRDA:783,34,0,0
BRDA:783,34,1,0
BRDA:783,35,0,0
BRDA:783,35,1,0
BRDA:784,36,0,0
BRDA:784,36,1,0
BRDA:785,37,0,0
BRDA:785,37,1,0
BRDA:785,38,0,0
BRDA:785,38,1,0
BRDA:786,39,0,0
BRDA:786,39,1,0
BRDA:787,40,0,0
BRDA:787,40,1,0
BRDA:833,41,0,0
BRDA:833,41,1,0
BRDA:834,42,0,0
BRDA:834,42,1,0
BRDA:835,43,0,0
BRDA:835,43,1,0
BRDA:836,44,0,0
BRDA:836,44,1,0
BRDA:837,45,0,0
BRDA:837,45,1,0
BRDA:838,46,0,0
BRDA:838,46,1,0
BRDA:839,47,0,0
BRDA:839,47,1,0
BRDA:840,48,0,0
BRDA:840,48,1,0
BRDA:841,49,0,0
BRDA:841,49,1,0
BRDA:842,50,0,0
BRDA:842,50,1,0
BRDA:843,51,0,0
BRDA:843,51,1,0
BRDA:844,52,0,0
BRDA:844,52,1,0
BRDA:848,53,0,0
BRDA:848,53,1,0
BRDA:848,54,0,0
BRDA:848,54,1,0
BRDA:853,55,0,0
BRDA:853,55,1,0
BRDA:854,56,0,0
BRDA:854,56,1,0
BRDA:855,57,0,0
BRDA:855,57,1,0
BRDA:865,58,0,0
BRDA:865,58,1,0
BRDA:866,59,0,0
BRDA:866,59,1,0
BRDA:870,60,0,0
BRDA:870,60,1,0
BRDA:872,61,0,0
BRDA:872,61,1,0
BRDA:876,62,0,0
BRDA:876,62,1,0
BRDA:876,63,0,0
BRDA:876,63,1,0
BRDA:876,64,0,0
BRDA:876,64,1,0
BRDA:877,65,0,0
BRDA:877,65,1,0
BRDA:877,66,0,0
BRDA:877,66,1,0
BRDA:877,67,0,0
BRDA:877,67,1,0
BRDA:878,68,0,0
BRDA:878,68,1,0
BRDA:878,69,0,0
BRDA:878,69,1,0
BRDA:878,70,0,0
BRDA:878,70,1,0
BRDA:888,71,0,0
BRDA:888,71,1,0
BRDA:890,72,0,0
BRDA:890,72,1,0
BRDA:894,73,0,0
BRDA:894,73,1,0
BRDA:894,74,0,0
BRDA:894,74,1,0
BRDA:894,75,0,0
BRDA:894,75,1,0
BRDA:895,76,0,0
BRDA:895,76,1,0
BRDA:895,77,0,0
BRDA:895,77,1,0
BRDA:895,78,0,0
BRDA:895,78,1,0
BRDA:896,79,0,0
BRDA:896,79,1,0
BRDA:896,80,0,0
BRDA:896,80,1,0
BRDA:896,81,0,0
BRDA:896,81,1,0
BRDA:906,82,0,0
BRDA:906,82,1,0
BRDA:906,83,0,0
BRDA:906,83,1,0
BRDA:909,84,0,0
BRDA:909,84,1,0
BRDA:913,85,0,0
BRDA:913,85,1,0
BRDA:913,86,0,0
BRDA:913,86,1,0
BRDA:913,87,0,0
BRDA:913,87,1,0
BRDA:914,88,0,0
BRDA:914,88,1,0
BRDA:914,89,0,0
BRDA:914,89,1,0
BRDA:914,90,0,0
BRDA:914,90,1,0
BRDA:915,91,0,0
BRDA:915,91,1,0
BRDA:915,92,0,0
BRDA:915,92,1,0
BRDA:915,93,0,0
BRDA:915,93,1,0
BRDA:916,94,0,0
BRDA:916,94,1,0
BRDA:916,95,0,0
BRDA:916,95,1,0
BRDA:916,96,0,0
BRDA:916,96,1,0
BRDA:917,97,0,0
BRDA:917,97,1,0
BRDA:917,98,0,0
BRDA:917,98,1,0
BRDA:917,99,0,0
BRDA:917,99,1,0
BRDA:918,100,0,0
BRDA:918,100,1,0
BRDA:918,101,0,0
BRDA:918,101,1,0
BRDA:918,102,0,0
BRDA:918,102,1,0
BRDA:928,103,0,0
BRDA:928,103,1,0
BRDA:928,104,0,0
BRDA:928,104,1,0
BRDA:931,105,0,0
BRDA:931,105,1,0
BRDA:935,106,0,0
BRDA:935,106,1,0
BRDA:935,107,0,0
BRDA:935,107,1,0
BRDA:935,108,0,0
BRDA:935,108,1,0
BRDA:936,109,0,0
BRDA:936,109,1,0
BRDA:936,110,0,0
BRDA:936,110,1,0
BRDA:936,111,0,0
BRDA:936,111,1,0
BRDA:937,112,0,0
BRDA:937,112,1,0
BRDA:937,112,2,0
BRDA:937,113,0,0
BRDA:937,113,1,0
BRDA:937,114,0,0
BRDA:937,114,1,0
BRDA:938,115,0,0
BRDA:938,115,1,0
BRDA:938,115,2,0
BRDA:938,116,0,0
BRDA:938,116,1,0
BRDA:938,117,0,0
BRDA:938,117,1,0
BRDA:949,118,0,0
BRDA:949,118,1,0
BRDA:949,118,2,0
BRDA:953,119,0,0
BRDA:953,119,1,0
BRDA:953,120,0,0
BRDA:953,120,1,0
BRDA:953,121,0,0
BRDA:953,121,1,0
BRDA:954,122,0,0
BRDA:954,122,1,0
BRDA:954,123,0,0
BRDA:954,123,1,0
BRDA:954,124,0,0
BRDA:954,124,1,0
BRDA:961,125,0,0
BRDA:961,125,1,0
BRDA:965,126,0,0
BRDA:965,126,1,0
BRDA:965,127,0,0
BRDA:965,127,1,0
BRDA:965,128,0,0
BRDA:965,128,1,0
BRDA:966,129,0,0
BRDA:966,129,1,0
BRDA:966,130,0,0
BRDA:966,130,1,0
BRDA:966,131,0,0
BRDA:966,131,1,0
BRDA:967,132,0,0
BRDA:967,132,1,0
BRDA:967,133,0,0
BRDA:967,133,1,0
BRDA:967,134,0,0
BRDA:967,134,1,0
BRDA:968,135,0,0
BRDA:968,135,1,0
BRDA:968,136,0,0
BRDA:968,136,1,0
BRDA:968,137,0,0
BRDA:968,137,1,0
BRDA:975,138,0,0
BRDA:975,138,1,0
BRDA:976,139,0,0
BRDA:976,139,1,0
BRDA:977,140,0,0
BRDA:977,140,1,0
BRDA:981,141,0,0
BRDA:981,141,1,0
BRDA:982,142,0,0
BRDA:982,142,1,0
BRF:284
BRH:0
end_of_record
TN:
SF:reportRoutes.js
FN:13,(anonymous_0)
FN:34,(anonymous_1)
FN:84,(anonymous_2)
FN:302,(anonymous_3)
FN:369,(anonymous_4)
FN:424,(anonymous_5)
FN:518,(anonymous_6)
FNF:7
FNH:0
FNDA:0,(anonymous_0)
FNDA:0,(anonymous_1)
FNDA:0,(anonymous_2)
FNDA:0,(anonymous_3)
FNDA:0,(anonymous_4)
FNDA:0,(anonymous_5)
FNDA:0,(anonymous_6)
DA:2,1
DA:3,1
DA:4,1
DA:5,1
DA:6,1
DA:7,1
DA:8,1
DA:9,1
DA:10,1
DA:13,1
DA:14,0
DA:15,0
DA:16,0
DA:18,0
DA:19,0
DA:25,0
DA:26,0
DA:28,0
DA:29,0
DA:34,1
DA:35,0
DA:36,0
DA:38,0
DA:39,0
DA:42,0
DA:43,0
DA:44,0
DA:45,0
DA:46,0
DA:49,0
DA:50,0
DA:51,0
DA:53,0
DA:54,0
DA:55,0
DA:56,0
DA:57,0
DA:58,0
DA:59,0
DA:60,0
DA:61,0
DA:62,0
DA:63,0
DA:66,0
DA:68,0
DA:72,0
DA:74,0
DA:76,0
DA:78,0
DA:79,0
DA:84,1
DA:85,0
DA:86,0
DA:87,0
DA:89,0
DA:90,0
DA:92,0
DA:93,0
DA:97,0
DA:100,0
DA:101,0
DA:103,0
DA:105,0
DA:106,0
DA:107,0
DA:108,0
DA:112,0
DA:114,0
DA:115,0
DA:116,0
DA:117,0
DA:118,0
DA:119,0
DA:121,0
DA:123,0
DA:124,0
DA:125,0
DA:126,0
DA:127,0
DA:129,0
DA:131,0
DA:136,0
DA:137,0
DA:141,0
DA:142,0
DA:144,0
DA:151,0
DA:152,0
DA:154,0
DA:156,0
DA:157,0
DA:163,0
DA:166,0
DA:167,0
DA:172,0
DA:173,0
DA:183,0
DA:184,0
DA:185,0
DA:186,0
DA:188,0
DA:198,0
DA:199,0
DA:200,0
DA:201,0
DA:202,0
DA:203,0
DA:205,0
DA:207,0
DA:208,0
DA:212,0
DA:218,0
DA:220,0
DA:225,0
DA:226,0
DA:233,0
DA:239,0
DA:245,0
DA:249,0
DA:250,0
DA:251,0
DA:253,0
DA:260,0
DA:261,0
DA:263,0
DA:264,0
DA:265,0
DA:266,0
DA:267,0
DA:269,0
DA:272,0
DA:273,0
DA:276,0
DA:277,0
DA:278,0
DA:281,0
DA:284,0
DA:285,0
DA:302,1
DA:303,0
DA:304,0
DA:306,0
DA:307,0
DA:310,0
DA:312,0
DA:318,0
DA:321,0
DA:323,0
DA:324,0
DA:328,0
DA:329,0
DA:330,0
DA:334,0
DA:335,0
DA:338,0
DA:341,0
DA:342,0
DA:343,0
DA:344,0
DA:346,0
DA:348,0
DA:354,0
DA:356,0
DA:363,0
DA:364,0
DA:369,1
DA:370,0
DA:371,0
DA:373,0
DA:375,0
DA:376,0
DA:379,0
DA:380,0
DA:381,0
DA:382,0
DA:386,0
DA:387,0
DA:389,0
DA:390,0
DA:393,0
DA:396,0
DA:399,0
DA:402,0
DA:405,0
DA:407,0
DA:408,0
DA:416,0
DA:418,0
DA:419,0
DA:424,1
DA:425,0
DA:426,0
DA:428,0
DA:429,0
DA:431,0
DA:434,0
DA:436,0
DA:437,0
DA:440,0
DA:441,0
DA:445,0
DA:447,0
DA:448,0
DA:449,0
DA:452,0
DA:454,0
DA:460,0
DA:461,0
DA:463,0
DA:464,0
DA:470,0
DA:471,0
DA:479,0
DA:487,0
DA:489,0
DA:490,0
DA:491,0
DA:493,0
DA:495,0
DA:496,0
DA:499,0
DA:500,0
DA:504,0
DA:510,0
DA:518,1
DA:519,0
DA:520,0
DA:522,0
DA:523,0
DA:526,0
DA:527,0
DA:530,0
DA:531,0
DA:567,0
DA:569,0
DA:570,0
DA:573,0
DA:577,0
DA:580,0
DA:581,0
DA:585,1
LF:241
LH:17
BRDA:15,0,0,0
BRDA:15,0,1,0
BRDA:38,1,0,0
BRDA:38,1,1,0
BRDA:45,2,0,0
BRDA:45,2,1,0
BRDA:54,3,0,0
BRDA:54,3,1,0
BRDA:55,4,0,0
BRDA:55,4,1,0
BRDA:57,5,0,0
BRDA:57,5,1,0
BRDA:59,6,0,0
BRDA:59,6,1,0
BRDA:62,7,0,0
BRDA:62,7,1,0
BRDA:62,8,0,0
BRDA:62,8,1,0
BRDA:89,9,0,0
BRDA:89,9,1,0
BRDA:92,10,0,0
BRDA:92,10,1,0
BRDA:100,11,0,0
BRDA:100,11,1,0
BRDA:115,12,0,0
BRDA:115,12,1,0
BRDA:116,13,0,0
BRDA:116,13,1,0
BRDA:118,14,0,0
BRDA:118,14,1,0
BRDA:118,15,0,0
BRDA:118,15,1,0
BRDA:124,16,0,0
BRDA:124,16,1,0
BRDA:126,17,0,0
BRDA:126,17,1,0
BRDA:126,18,0,0
BRDA:126,18,1,0
BRDA:136,19,0,0
BRDA:136,19,1,0
BRDA:156,20,0,0
BRDA:156,20,1,0
BRDA:166,21,0,0
BRDA:166,21,1,0
BRDA:183,22,0,0
BRDA:183,22,1,0
BRDA:199,23,0,0
BRDA:199,23,1,0
BRDA:199,24,0,0
BRDA:199,24,1,0
BRDA:202,25,0,0
BRDA:202,25,1,0
BRDA:202,26,0,0
BRDA:202,26,1,0
BRDA:207,27,0,0
BRDA:207,27,1,0
BRDA:212,28,0,0
BRDA:212,28,1,0
BRDA:220,29,0,0
BRDA:220,29,1,0
BRDA:225,30,0,0
BRDA:225,30,1,0
BRDA:226,31,0,0
BRDA:226,31,1,0
BRDA:265,32,0,0
BRDA:265,32,1,0
BRDA:266,33,0,0
BRDA:266,33,1,0
BRDA:272,34,0,0
BRDA:272,34,1,0
BRDA:277,35,0,0
BRDA:277,35,1,0
BRDA:281,36,0,0
BRDA:281,36,1,0
BRDA:281,37,0,0
BRDA:281,37,1,0
BRDA:284,38,0,0
BRDA:284,38,1,0
BRDA:306,39,0,0
BRDA:306,39,1,0
BRDA:323,40,0,0
BRDA:323,40,1,0
BRDA:329,41,0,0
BRDA:329,41,1,0
BRDA:375,42,0,0
BRDA:375,42,1,0
BRDA:381,43,0,0
BRDA:381,43,1,0
BRDA:389,44,0,0
BRDA:389,44,1,0
BRDA:428,45,0,0
BRDA:428,45,1,0
BRDA:428,46,0,0
BRDA:428,46,1,0
BRDA:436,47,0,0
BRDA:436,47,1,0
BRDA:436,48,0,0
BRDA:436,48,1,0
BRDA:447,49,0,0
BRDA:447,49,1,0
BRDA:452,50,0,0
BRDA:452,50,1,0
BRDA:452,51,0,0
BRDA:452,51,1,0
BRDA:495,52,0,0
BRDA:495,52,1,0
BRDA:499,53,0,0
BRDA:499,53,1,0
BRDA:522,54,0,0
BRDA:522,54,1,0
BRDA:522,55,0,0
BRDA:522,55,1,0
BRDA:526,56,0,0
BRDA:526,56,1,0
BRDA:569,57,0,0
BRDA:569,57,1,0
BRF:116
BRH:0
end_of_record
TN:
SF:server.js
FN:22,(anonymous_0)
FN:28,(anonymous_1)
FN:32,(anonymous_2)
FNF:3
FNH:1
FNDA:0,(anonymous_0)
FNDA:0,(anonymous_1)
FNDA:1,(anonymous_2)
DA:2,1
DA:3,1
DA:4,1
DA:6,1
DA:7,1
DA:8,1
DA:9,1
DA:11,1
DA:12,1
DA:14,1
DA:15,1
DA:17,1
DA:18,1
DA:19,1
DA:22,1
DA:25,0
DA:28,1
DA:29,0
DA:32,1
DA:33,1
DA:36,1
LF:21
LH:19
BRDA:12,0,0,1
BRDA:12,0,1,0
BRF:2
BRH:1
end_of_record
TN:
SF:testPdfCalculations.js
FNF:0
FNH:0
DA:2,0
DA:5,0
DA:60,0
DA:61,0
DA:62,0
DA:65,0
DA:68,0
DA:73,0
DA:76,0
DA:82,0
DA:85,0
DA:89,0
DA:92,0
DA:95,0
DA:97,0
LF:15
LH:0
BRF:0
BRH:0
end_of_record
TN:
SF:test_auth.js
FN:46,logWithTime
FN:51,testRegistration
FN:120,testLogin
FN:161,testProtectedRoute
FN:192,(anonymous_4)
FN:195,(anonymous_5)
FNF:6
FNH:0
FNDA:0,logWithTime
FNDA:0,testRegistration
FNDA:0,testLogin
FNDA:0,testProtectedRoute
FNDA:0,(anonymous_4)
FNDA:0,(anonymous_5)
DA:2,0
DA:5,0
DA:6,0
DA:47,0
DA:52,0
DA:53,0
DA:54,0
DA:95,0
DA:97,0
DA:99,0
DA:101,0
DA:102,0
DA:104,0
DA:105,0
DA:106,0
DA:107,0
DA:108,0
DA:109,0
DA:110,0
DA:112,0
DA:114,0
DA:115,0
DA:121,0
DA:123,0
DA:125,0
DA:130,0
DA:131,0
DA:132,0
DA:135,0
DA:139,0
DA:141,0
DA:143,0
DA:146,0
DA:147,0
DA:150,0
DA:151,0
DA:152,0
DA:153,0
DA:155,0
DA:162,0
DA:164,0
DA:165,0
DA:171,0
DA:172,0
DA:173,0
DA:175,0
DA:176,0
DA:179,0
DA:180,0
DA:181,0
DA:182,0
DA:184,0
DA:190,0
DA:191,0
DA:193,0
DA:196,0
DA:197,0
LF:57
LH:0
BRDA:105,0,0,0
BRDA:105,0,1,0
BRDA:109,1,0,0
BRDA:109,1,1,0
BRDA:130,2,0,0
BRDA:130,2,1,0
BRDA:135,3,0,0
BRDA:135,3,1,0
BRDA:135,3,2,0
BRDA:139,4,0,0
BRDA:139,4,1,0
BRDA:151,5,0,0
BRDA:151,5,1,0
BRDA:171,6,0,0
BRDA:171,6,1,0
BRDA:180,7,0,0
BRDA:180,7,1,0
BRF:17
BRH:0
end_of_record
